[2025-12-21|13:50:40][INFO]  Blackboard initialized from c:\Users\S\Documents\GitHub\Shimadzu\projects/shimadzu_logic/configs/blackboard.json
[2025-12-21|13:50:40][INFO]  Blackboard initialized from c:\Users\S\Documents\GitHub\Shimadzu\projects/shimadzu_logic/configs/blackboard.json
[2025-12-21|13:50:40][INFO]  [SYSTEM] Starting shimadzu_logic System...
[2025-12-21|13:50:40][INFO]  → [INFO] Config file loaded successfully: c:\Users\S\Documents\GitHub\Shimadzu\projects\shimadzu_logic\configs\mqtt_config.json
[2025-12-21|13:50:40][INFO]  MQTT client initialized: 127.0.0.1:1883
[2025-12-21|13:50:40][INFO]  
==================================================
[2025-12-21|13:50:40][INFO]  → [INFO] 브로커 연결 성공!
[2025-12-21|13:50:40][INFO]  Tensile Machine MQTT Protocol Connector Started
[2025-12-21|13:50:40][INFO]  → [SUB] 토픽 구독 완료: /ui/cmd
[2025-12-21|13:50:40][INFO]  Logic connector is waiting for commands on /ui/cmd.
[2025-12-21|13:50:40][INFO]  ==================================================

[2025-12-21|13:50:40][INFO]  → [SUB] 토픽 구독 완료: /binpick/evt
[2025-12-21|13:50:40][INFO]  
[LogicProcessingThread]: Starting internal logic processing loop.
[2025-12-21|13:50:40][INFO]  [StatusPublishingThread]: Starting status publishing loop.
[2025-12-21|13:50:40][INFO]  configs robot : 192.168.0.15
[2025-12-21|13:50:40][INFO]  configs remot io : 192.168.0.20
[2025-12-21|13:50:40][INFO]  configs mqtt : 127.0.0.1
[2025-12-21|13:50:40][INFO]  configs shimadzu : 127.0.0.1 : 5000
[2025-12-21|13:50:40][INFO]  실행 모드 : Run 모드
[2025-12-21|13:50:40][INFO]  Initializing Device FSM...
[2025-12-21|13:50:40][INFO]  [device] Debug mode : 0
[2025-12-21|13:50:40][INFO]  [device] configs : 192.168.0.20
[2025-12-21|13:50:40][INFO]  [device] configs : 127.0.0.1 : 5000
[2025-12-21|13:50:40][INFO]  [device] All device Init Complete
[2025-12-21|13:50:40][INFO]  [device] enter ConnectingStrategy
[2025-12-21|13:50:40][INFO]  [device] Attempting to connect to devices.
[2025-12-21|13:50:40][INFO]  Device FSM initialized.
[2025-12-21|13:50:40][INFO]  [device] exit ConnectingStrategy
[2025-12-21|13:50:40][INFO]  [device] enter ReadyStrategy
[2025-12-21|13:50:40][INFO]  [device] Device: Ready and waiting for commands.
[2025-12-21|13:50:45][INFO]  [SYSTEM] shimadzu_logic system initialized. Running...
[2025-12-21|13:50:46][INFO]  [ProcessManager] All FSMs stopped.
[2025-12-21|13:50:46][INFO]  [SYSTEM] System Shutdown Complete.
[2025-12-21|13:51:22][INFO]  [device] Manual Test Command Executed: 7
[2025-12-21|13:51:22][INFO]  [device] Align #1 Pull Command Sent Successfully.
[2025-12-21|13:51:23][INFO]  [device] Align #2, #3 Pull Command Sent Successfully.
[2025-12-21|13:51:36][INFO]  [device] Manual Test Command Executed: 6
[2025-12-21|13:51:36][INFO]  [device] Align #1 Push Command Sent Successfully.
[2025-12-21|13:51:37][INFO]  [device] Align #2, #3 Push Command Sent Successfully.
[2025-12-21|13:51:42][INFO]  [device] Manual Test Command Executed: 7
[2025-12-21|13:51:42][INFO]  [device] Align #1 Pull Command Sent Successfully.
[2025-12-21|13:51:43][INFO]  [device] Align #2, #3 Pull Command Sent Successfully.
[2025-12-21|13:52:00][INFO]  [device] Manual Test Command Executed: 6
[2025-12-21|13:52:00][INFO]  [device] Align #1 Push Command Sent Successfully.
[2025-12-21|13:52:01][INFO]  [device] Align #2, #3 Push Command Sent Successfully.
[2025-12-21|13:53:09][INFO]  [device] Manual Test Command Executed: 3
[2025-12-21|13:53:09][INFO]  [device] EXT Move Forward Command Sent Successfully.
[2025-12-21|13:53:17][INFO]  [device] Manual Test Command Executed: 4
[2025-12-21|13:53:18][INFO]  [device] EXT Move Backward Command Sent Successfully.
[2025-12-21|13:53:33][INFO]  [device] Manual Test Command Executed: 9
[2025-12-21|13:53:33][INFO]  [device] Dial Gauge Value: -1.517
