[2025-12-18|19:50:44][INFO]  Blackboard initialized from projects/shimadzu_logic/configs/blackboard.json
[2025-12-18|19:50:44][INFO]  [SYSTEM] Starting shimadzu_logic System...
[2025-12-18|19:50:44][INFO]  → [INFO] Config file loaded successfully: c:\Users\S\Documents\GitHub\Shimadzu\projects\shimadzu_logic\configs\mqtt_config.json
[2025-12-18|19:50:44][INFO]  MQTT client initialized: 127.0.0.1:1883
[2025-12-18|19:50:44][INFO]  → [INFO] 브로커 연결 성공!
[2025-12-18|19:50:44][INFO]  
==================================================
[2025-12-18|19:50:44][INFO]  → [SUB] 토픽 구독 완료: /ui/cmd
[2025-12-18|19:50:44][INFO]  Tensile Machine MQTT Protocol Connector Started
[2025-12-18|19:50:44][INFO]  → [SUB] 토픽 구독 완료: /binpick/evt
[2025-12-18|19:50:44][INFO]  Logic connector is waiting for commands on /ui/cmd.
[2025-12-18|19:50:44][INFO]  
[LogicProcessingThread]: Starting internal logic processing loop.
[2025-12-18|19:50:44][INFO]  ==================================================

[2025-12-18|19:50:44][INFO]  [StatusPublishingThread]: Starting status publishing loop.
[2025-12-18|19:50:44][INFO]  configs robot : 192.168.0.15
[2025-12-18|19:50:44][INFO]  configs remot io : 192.168.0.20
[2025-12-18|19:50:44][INFO]  configs mqtt : 127.0.0.1
[2025-12-18|19:50:44][INFO]  configs shimadzu : 127.0.0.1 : 5000
[2025-12-18|19:50:44][INFO]  실행 모드 : Run 모드
[2025-12-18|19:50:44][INFO]  Initializing Device FSM...
[2025-12-18|19:50:44][INFO]  [device] Debug mode : 0
[2025-12-18|19:50:44][INFO]  [device] configs : 192.168.0.20
[2025-12-18|19:50:44][INFO]  [device] configs : 127.0.0.1 : 5000
[2025-12-18|19:50:47][INFO]  [ShimadzuClient] Init Response: False
[2025-12-18|19:50:48][INFO]  Attempting to connect to devices.
[2025-12-18|19:50:48][INFO]  Device FSM initialized.
[2025-12-18|19:50:48][ERROR] [device] Error in read_IO_status: cannot unpack non-iterable NoneType object
[2025-12-18|19:50:48][ERROR] [device] Error in check_violation: 'NoneType' object has no attribute 'get'
[2025-12-18|19:50:48][ERROR] Exception in PeriodicThread DeviceFsm(pkg.fsm.base.step)
[2025-12-18|19:50:48][ERROR] Error occurred at: c:\Users\S\Documents\GitHub\Shimadzu\projects\shimadzu_logic\devices_context.py, line 153 in function 'check_violation'
[2025-12-18|19:50:48][ERROR] 'NoneType' object has no attribute 'get'
[2025-12-18|19:50:49][ERROR] [device] Error in check_violation: 'NoneType' object has no attribute 'get'
[2025-12-18|19:50:49][ERROR] Exception in PeriodicThread DeviceFsm(pkg.fsm.base.step)
[2025-12-18|19:50:49][ERROR] Error occurred at: c:\Users\S\Documents\GitHub\Shimadzu\projects\shimadzu_logic\devices_context.py, line 153 in function 'check_violation'
[2025-12-18|19:50:49][ERROR] 'NoneType' object has no attribute 'get'
[2025-12-18|19:50:49][ERROR] [device] Error in check_violation: 'NoneType' object has no attribute 'get'
[2025-12-18|19:50:50][WARN]  [SIGNAL] Received signal 2. Gracefully shutting down...
[2025-12-18|19:50:50][WARN]  [SIGNAL] Received signal 2. Gracefully shutting down...
[2025-12-18|19:50:50][WARN]  [SIGNAL] Received signal 2. Gracefully shutting down...
[2025-12-18|19:50:50][WARN]  [SIGNAL] Received signal 2. Gracefully shutting down...
[2025-12-18|19:50:50][ERROR] [device] Error in check_violation: 'NoneType' object has no attribute 'get'
[2025-12-18|19:50:50][ERROR] Exception in PeriodicThread DeviceFsm(pkg.fsm.base.step)
[2025-12-18|19:50:50][ERROR] Error occurred at: c:\Users\S\Documents\GitHub\Shimadzu\projects\shimadzu_logic\devices_context.py, line 153 in function 'check_violation'
[2025-12-18|19:50:50][ERROR] 'NoneType' object has no attribute 'get'
[2025-12-18|19:50:50][WARN]  [SIGNAL] Received signal 2. Gracefully shutting down...
[2025-12-18|19:50:50][WARN]  [SIGNAL] Received signal 2. Gracefully shutting down...
[2025-12-18|19:50:50][ERROR] [device] Error in check_violation: 'NoneType' object has no attribute 'get'
[2025-12-18|19:50:51][ERROR] [device] Error in check_violation: 'NoneType' object has no attribute 'get'
[2025-12-18|19:50:51][ERROR] Exception in PeriodicThread DeviceFsm(pkg.fsm.base.step)
[2025-12-18|19:50:51][ERROR] Error occurred at: c:\Users\S\Documents\GitHub\Shimadzu\projects\shimadzu_logic\devices_context.py, line 153 in function 'check_violation'
[2025-12-18|19:50:51][ERROR] 'NoneType' object has no attribute 'get'
[2025-12-18|19:50:52][ERROR] [device] Error in check_violation: 'NoneType' object has no attribute 'get'
[2025-12-18|19:50:53][ERROR] [device] Error in check_violation: 'NoneType' object has no attribute 'get'
[2025-12-18|19:50:53][ERROR] Exception in PeriodicThread DeviceFsm(pkg.fsm.base.step)
[2025-12-18|19:50:53][ERROR] Error occurred at: c:\Users\S\Documents\GitHub\Shimadzu\projects\shimadzu_logic\devices_context.py, line 153 in function 'check_violation'
[2025-12-18|19:50:53][ERROR] 'NoneType' object has no attribute 'get'
[2025-12-18|19:50:53][ERROR] [device] Error in check_violation: 'NoneType' object has no attribute 'get'
[2025-12-18|19:50:53][INFO]  [SYSTEM] shimadzu_logic system initialized. Running...
[2025-12-18|19:50:54][INFO]  [ProcessManager] All FSMs stopped.
[2025-12-18|19:50:54][INFO]  [SYSTEM] System Shutdown Complete.
