[2025-12-21|14:23:50][INFO]  Blackboard initialized from c:\Users\S\Documents\GitHub\Shimadzu\projects/shimadzu_logic/configs/blackboard.json
[2025-12-21|14:23:50][INFO]  Blackboard initialized from c:\Users\S\Documents\GitHub\Shimadzu\projects/shimadzu_logic/configs/blackboard.json
[2025-12-21|14:23:50][INFO]  [SYSTEM] Starting shimadzu_logic System...
[2025-12-21|14:23:50][INFO]  → [INFO] Config file loaded successfully: c:\Users\S\Documents\GitHub\Shimadzu\projects\shimadzu_logic\configs\mqtt_config.json
[2025-12-21|14:23:50][INFO]  MQTT client initialized: 127.0.0.1:1883
[2025-12-21|14:23:50][INFO]  
==================================================
[2025-12-21|14:23:50][INFO]  → [INFO] 브로커 연결 성공!
[2025-12-21|14:23:50][INFO]  Tensile Machine MQTT Protocol Connector Started
[2025-12-21|14:23:50][INFO]  Logic connector is waiting for commands on /ui/cmd.
[2025-12-21|14:23:50][INFO]  → [SUB] 토픽 구독 완료: /ui/cmd
[2025-12-21|14:23:50][INFO]  ==================================================

[2025-12-21|14:23:50][INFO]  → [SUB] 토픽 구독 완료: /binpick/evt
[2025-12-21|14:23:50][INFO]  
[LogicProcessingThread]: Starting internal logic processing loop.
[2025-12-21|14:23:50][INFO]  [StatusPublishingThread]: Starting status publishing loop.
[2025-12-21|14:23:50][INFO]  configs robot : 192.168.0.15
[2025-12-21|14:23:50][INFO]  configs remot io : 192.168.0.20
[2025-12-21|14:23:50][INFO]  configs mqtt : 127.0.0.1
[2025-12-21|14:23:50][INFO]  configs shimadzu : 127.0.0.1 : 5000
[2025-12-21|14:23:50][INFO]  실행 모드 : Run 모드
[2025-12-21|14:23:50][INFO]  Initializing Device FSM...
[2025-12-21|14:23:50][INFO]  [device] Debug mode : 0
[2025-12-21|14:23:50][INFO]  [device] configs : 192.168.0.20
[2025-12-21|14:23:50][INFO]  [device] configs : 127.0.0.1 : 5000
[2025-12-21|14:23:51][INFO]  [device] All device Init Complete
[2025-12-21|14:23:51][INFO]  [device] enter ConnectingStrategy
[2025-12-21|14:23:51][INFO]  [device] Attempting to connect to devices.
[2025-12-21|14:23:51][INFO]  Device FSM initialized.
[2025-12-21|14:23:51][INFO]  [device] exit ConnectingStrategy
[2025-12-21|14:23:51][INFO]  [device] enter ReadyStrategy
[2025-12-21|14:23:51][INFO]  [device] Device: Ready and waiting for commands.
[2025-12-21|14:23:56][INFO]  [SYSTEM] shimadzu_logic system initialized. Running...
[2025-12-21|14:23:57][INFO]  [ProcessManager] All FSMs stopped.
[2025-12-21|14:23:57][INFO]  [SYSTEM] System Shutdown Complete.
[2025-12-21|14:24:07][INFO]  [device] Manual Test Command Executed: 12
[2025-12-21|14:24:07][INFO]  [device] Indicator Up Command Sent Successfully.
[2025-12-21|14:24:34][INFO]  [device] Manual Test Command Executed: 13
[2025-12-21|14:24:34][INFO]  [device] Indicator Down Command Sent Successfully.
[2025-12-21|14:25:22][INFO]  [device] Manual Test Command Executed: 12
[2025-12-21|14:25:22][INFO]  [device] Indicator Up Command Sent Successfully.
[2025-12-21|14:25:31][INFO]  [device] Manual Test Command Executed: 9
[2025-12-21|14:25:32][INFO]  [device] Dial Gauge Value: 4.707
[2025-12-21|14:25:38][INFO]  [device] Manual Test Command Executed: 13
[2025-12-21|14:25:38][INFO]  [device] Indicator Down Command Sent Successfully.
[2025-12-21|14:25:59][INFO]  [device] Manual Test Command Executed: 12
[2025-12-21|14:25:59][INFO]  [device] Indicator Up Command Sent Successfully.
[2025-12-21|14:26:21][INFO]  [device] Manual Test Command Executed: 9
[2025-12-21|14:26:21][INFO]  [device] Dial Gauge Value: 4.7035
[2025-12-21|14:27:28][INFO]  [device] Manual Test Command Executed: 13
[2025-12-21|14:27:28][INFO]  [device] Indicator Down Command Sent Successfully.
[2025-12-21|14:29:37][INFO]  [device] Manual Test Command Executed: 7
[2025-12-21|14:29:37][INFO]  [device] Align #1 Pull Command Sent Successfully.
[2025-12-21|14:29:38][INFO]  [device] Align #2, #3 Pull Command Sent Successfully.
[2025-12-21|14:29:53][INFO]  [device] Manual Test Command Executed: 9
[2025-12-21|14:29:53][INFO]  [device] Dial Gauge Value: -1.517
[2025-12-21|14:29:55][INFO]  [device] Manual Test Command Executed: 12
[2025-12-21|14:29:55][INFO]  [device] Indicator Up Command Sent Successfully.
[2025-12-21|14:29:57][INFO]  [device] Manual Test Command Executed: 9
[2025-12-21|14:29:57][INFO]  [device] Dial Gauge Value: 1.4915
[2025-12-21|14:30:02][INFO]  [device] Manual Test Command Executed: 9
[2025-12-21|14:30:02][INFO]  [device] Dial Gauge Value: 1.4955
[2025-12-21|14:30:04][INFO]  [device] Manual Test Command Executed: 9
[2025-12-21|14:30:04][INFO]  [device] Dial Gauge Value: 1.496
[2025-12-21|14:30:39][INFO]  [device] Manual Test Command Executed: 9
[2025-12-21|14:30:39][INFO]  [device] Dial Gauge Value: 1.497
[2025-12-21|14:32:22][INFO]  [device] Manual Test Command Executed: 9
[2025-12-21|14:32:22][INFO]  [device] Dial Gauge Value: 1.5
[2025-12-21|14:32:23][INFO]  [device] Manual Test Command Executed: 9
[2025-12-21|14:32:23][INFO]  [device] Dial Gauge Value: 1.5005
[2025-12-21|14:32:25][INFO]  [device] Manual Test Command Executed: 9
[2025-12-21|14:32:25][INFO]  [device] Dial Gauge Value: 1.5005
[2025-12-21|14:32:26][INFO]  [device] Manual Test Command Executed: 9
[2025-12-21|14:32:26][INFO]  [device] Dial Gauge Value: 1.501
[2025-12-21|14:32:27][INFO]  [device] Manual Test Command Executed: 9
[2025-12-21|14:32:27][INFO]  [device] Dial Gauge Value: 1.501
[2025-12-21|14:32:28][INFO]  [device] Manual Test Command Executed: 9
[2025-12-21|14:32:29][INFO]  [device] Dial Gauge Value: 1.5015
[2025-12-21|14:32:29][INFO]  [device] Manual Test Command Executed: 9
[2025-12-21|14:32:29][INFO]  [device] Dial Gauge Value: 1.5015
[2025-12-21|14:32:30][INFO]  [device] Manual Test Command Executed: 9
[2025-12-21|14:32:30][INFO]  [device] Dial Gauge Value: 1.5015
[2025-12-21|14:32:31][INFO]  [device] Manual Test Command Executed: 9
[2025-12-21|14:32:31][INFO]  [device] Dial Gauge Value: 1.5015
[2025-12-21|14:32:32][INFO]  [device] Manual Test Command Executed: 9
[2025-12-21|14:32:32][INFO]  [device] Dial Gauge Value: 1.5015
[2025-12-21|14:32:33][INFO]  [device] Manual Test Command Executed: 9
[2025-12-21|14:32:33][INFO]  [device] Dial Gauge Value: 1.5015
[2025-12-21|14:32:34][INFO]  [device] Manual Test Command Executed: 9
[2025-12-21|14:32:34][INFO]  [device] Dial Gauge Value: 1.5015
[2025-12-21|14:32:36][INFO]  [device] Manual Test Command Executed: 9
[2025-12-21|14:32:36][INFO]  [device] Dial Gauge Value: 1.5015
[2025-12-21|14:32:38][INFO]  [device] Manual Test Command Executed: 9
[2025-12-21|14:32:38][INFO]  [device] Dial Gauge Value: 1.5015
[2025-12-21|14:32:43][INFO]  [device] Manual Test Command Executed: 9
[2025-12-21|14:32:43][INFO]  [device] Dial Gauge Value: 1.5015
[2025-12-21|14:33:09][INFO]  [device] Manual Test Command Executed: 13
[2025-12-21|14:33:09][INFO]  [device] Indicator Down Command Sent Successfully.
[2025-12-21|14:33:12][INFO]  [device] Manual Test Command Executed: 9
[2025-12-21|14:33:12][INFO]  [device] Dial Gauge Value: -1.517
[2025-12-21|14:33:17][INFO]  [device] Manual Test Command Executed: 12
[2025-12-21|14:33:17][INFO]  [device] Indicator Up Command Sent Successfully.
[2025-12-21|14:33:20][INFO]  [device] Manual Test Command Executed: 9
[2025-12-21|14:33:20][INFO]  [device] Dial Gauge Value: 1.4935
[2025-12-21|14:33:21][INFO]  [device] Manual Test Command Executed: 9
[2025-12-21|14:33:21][INFO]  [device] Dial Gauge Value: 1.495
[2025-12-21|14:33:22][INFO]  [device] Manual Test Command Executed: 9
[2025-12-21|14:33:22][INFO]  [device] Dial Gauge Value: 1.4955
[2025-12-21|14:33:23][INFO]  [device] Manual Test Command Executed: 9
[2025-12-21|14:33:23][INFO]  [device] Dial Gauge Value: 1.496
[2025-12-21|14:33:24][INFO]  [device] Manual Test Command Executed: 9
[2025-12-21|14:33:24][INFO]  [device] Dial Gauge Value: 1.4965
[2025-12-21|14:33:25][INFO]  [device] Manual Test Command Executed: 9
[2025-12-21|14:33:25][INFO]  [device] Dial Gauge Value: 1.4965
[2025-12-21|14:33:25][INFO]  [device] Manual Test Command Executed: 9
[2025-12-21|14:33:26][INFO]  [device] Dial Gauge Value: 1.4965
[2025-12-21|14:33:26][INFO]  [device] Manual Test Command Executed: 9
[2025-12-21|14:33:26][INFO]  [device] Dial Gauge Value: 1.4965
[2025-12-21|14:33:27][INFO]  [device] Manual Test Command Executed: 9
[2025-12-21|14:33:27][INFO]  [device] Dial Gauge Value: 1.4965
[2025-12-21|14:33:28][INFO]  [device] Manual Test Command Executed: 9
[2025-12-21|14:33:28][INFO]  [device] Dial Gauge Value: 1.4965
[2025-12-21|14:33:29][INFO]  [device] Manual Test Command Executed: 9
[2025-12-21|14:33:29][INFO]  [device] Dial Gauge Value: 1.4965
[2025-12-21|14:33:29][INFO]  [device] Manual Test Command Executed: 9
[2025-12-21|14:33:30][INFO]  [device] Dial Gauge Value: 1.4965
[2025-12-21|14:33:30][INFO]  [device] Manual Test Command Executed: 9
[2025-12-21|14:33:30][INFO]  [device] Dial Gauge Value: 1.4965
[2025-12-21|14:33:31][INFO]  [device] Manual Test Command Executed: 9
[2025-12-21|14:33:31][INFO]  [device] Dial Gauge Value: 1.4965
[2025-12-21|14:33:32][INFO]  [device] Manual Test Command Executed: 9
[2025-12-21|14:33:32][INFO]  [device] Dial Gauge Value: 1.4965
[2025-12-21|14:33:33][INFO]  [device] Manual Test Command Executed: 9
[2025-12-21|14:33:33][INFO]  [device] Dial Gauge Value: 1.4965
[2025-12-21|14:33:34][INFO]  [device] Manual Test Command Executed: 9
[2025-12-21|14:33:34][INFO]  [device] Dial Gauge Value: 1.497
[2025-12-21|14:33:35][INFO]  [device] Manual Test Command Executed: 9
[2025-12-21|14:33:35][INFO]  [device] Dial Gauge Value: 1.497
[2025-12-21|14:33:36][INFO]  [device] Manual Test Command Executed: 9
[2025-12-21|14:33:36][INFO]  [device] Dial Gauge Value: 1.497
[2025-12-21|14:33:36][INFO]  [device] Manual Test Command Executed: 9
[2025-12-21|14:33:36][INFO]  [device] Dial Gauge Value: 1.4975
[2025-12-21|14:33:37][INFO]  [device] Manual Test Command Executed: 9
[2025-12-21|14:33:37][INFO]  [device] Dial Gauge Value: 1.4975
[2025-12-21|14:33:38][INFO]  [device] Manual Test Command Executed: 9
[2025-12-21|14:33:38][INFO]  [device] Dial Gauge Value: 1.4975
[2025-12-21|14:33:39][INFO]  [device] Manual Test Command Executed: 9
[2025-12-21|14:33:39][INFO]  [device] Dial Gauge Value: 1.4975
[2025-12-21|14:34:22][INFO]  [device] Manual Test Command Executed: 9
[2025-12-21|14:34:22][INFO]  [device] Dial Gauge Value: 1.501
[2025-12-21|14:34:25][INFO]  [device] Manual Test Command Executed: 9
[2025-12-21|14:34:25][INFO]  [device] Dial Gauge Value: 1.501
[2025-12-21|14:34:28][INFO]  [device] Manual Test Command Executed: 13
[2025-12-21|14:34:28][INFO]  [device] Indicator Down Command Sent Successfully.
[2025-12-21|14:34:33][INFO]  [device] Manual Test Command Executed: 12
[2025-12-21|14:34:33][ERROR] [device] Error in read_IO_status: list index out of range
[2025-12-21|14:34:33][INFO]  [device] Indicator Up Command Sent Successfully.
[2025-12-21|14:34:39][INFO]  [device] Manual Test Command Executed: 12
[2025-12-21|14:34:39][INFO]  [device] Indicator Up Command Sent Successfully.
[2025-12-21|14:34:41][INFO]  [device] Manual Test Command Executed: 9
[2025-12-21|14:34:41][INFO]  [device] Dial Gauge Value: 1.4975
[2025-12-21|14:34:44][INFO]  [device] Manual Test Command Executed: 13
[2025-12-21|14:34:44][INFO]  [device] Indicator Down Command Sent Successfully.
[2025-12-21|14:34:47][INFO]  [device] Manual Test Command Executed: 12
[2025-12-21|14:34:47][INFO]  [device] Indicator Up Command Sent Successfully.
[2025-12-21|14:49:45][INFO]  [device] Manual Test Command Executed: 9
[2025-12-21|14:49:45][INFO]  [device] Dial Gauge Value: 1.5015
[2025-12-21|14:49:54][INFO]  [device] Manual Test Command Executed: 9
[2025-12-21|14:49:54][INFO]  [device] Dial Gauge Value: 1.5015
[2025-12-21|14:50:26][INFO]  [device] Manual Test Command Executed: 13
[2025-12-21|14:50:26][ERROR] [device] Error in indicator_down: list index out of range
[2025-12-21|14:50:26][ERROR] Exception in PeriodicThread DeviceFsm(pkg.fsm.base.step)
[2025-12-21|14:50:26][ERROR] Error occurred at: c:\Users\S\Documents\GitHub\Shimadzu\projects\shimadzu_logic\devices_context.py, line 626 in function 'indicator_down'
[2025-12-21|14:50:26][ERROR] list index out of range
[2025-12-21|14:50:26][INFO]  [device] Manual Test Command Executed: 13
[2025-12-21|14:50:26][ERROR] [device] Error in indicator_down: list index out of range
[2025-12-21|14:50:26][INFO]  [device] Manual Test Command Executed: 13
[2025-12-21|14:50:27][ERROR] [device] Error in indicator_down: list index out of range
[2025-12-21|14:50:27][INFO]  [device] Manual Test Command Executed: 13
[2025-12-21|14:50:27][ERROR] [device] Error in indicator_down: list index out of range
[2025-12-21|14:50:27][INFO]  [device] Manual Test Command Executed: 13
[2025-12-21|14:50:27][ERROR] [device] Error in indicator_down: list index out of range
[2025-12-21|14:50:27][INFO]  [device] Manual Test Command Executed: 13
[2025-12-21|14:50:27][ERROR] [device] Error in indicator_down: list index out of range
[2025-12-21|14:50:27][INFO]  [device] Manual Test Command Executed: 13
[2025-12-21|14:50:27][ERROR] [device] Error in indicator_down: list index out of range
[2025-12-21|14:50:27][INFO]  [device] Manual Test Command Executed: 13
[2025-12-21|14:50:27][ERROR] [device] Error in indicator_down: list index out of range
[2025-12-21|14:50:27][INFO]  [device] Manual Test Command Executed: 13
[2025-12-21|14:50:27][ERROR] [device] Error in indicator_down: list index out of range
[2025-12-21|14:50:27][INFO]  [device] Manual Test Command Executed: 13
[2025-12-21|14:50:27][ERROR] [device] Error in indicator_down: list index out of range
[2025-12-21|14:50:27][INFO]  [device] Manual Test Command Executed: 13
[2025-12-21|14:50:27][ERROR] [device] Error in indicator_down: list index out of range
[2025-12-21|14:50:27][INFO]  [device] Manual Test Command Executed: 13
[2025-12-21|14:50:27][ERROR] [device] Error in indicator_down: list index out of range
[2025-12-21|14:50:27][INFO]  [device] Manual Test Command Executed: 13
[2025-12-21|14:50:28][ERROR] [device] Error in indicator_down: list index out of range
[2025-12-21|14:50:28][INFO]  [device] Manual Test Command Executed: 13
[2025-12-21|14:50:28][ERROR] [device] Error in indicator_down: list index out of range
[2025-12-21|14:50:28][INFO]  [device] Manual Test Command Executed: 13
[2025-12-21|14:50:28][ERROR] [device] Error in indicator_down: list index out of range
[2025-12-21|14:50:28][INFO]  [device] Manual Test Command Executed: 13
[2025-12-21|14:50:28][ERROR] [device] Error in indicator_down: list index out of range
[2025-12-21|14:50:28][INFO]  [device] Manual Test Command Executed: 13
[2025-12-21|14:50:28][ERROR] [device] Error in indicator_down: list index out of range
[2025-12-21|14:50:28][INFO]  [device] Manual Test Command Executed: 13
[2025-12-21|14:50:28][ERROR] [device] Error in indicator_down: list index out of range
[2025-12-21|14:50:28][INFO]  [device] Manual Test Command Executed: 13
[2025-12-21|14:50:28][ERROR] [device] Error in indicator_down: list index out of range
[2025-12-21|14:50:28][INFO]  [device] Manual Test Command Executed: 13
[2025-12-21|14:50:28][ERROR] [device] Error in indicator_down: list index out of range
[2025-12-21|14:50:28][INFO]  [device] Manual Test Command Executed: 13
[2025-12-21|14:50:28][ERROR] [device] Error in indicator_down: list index out of range
[2025-12-21|14:50:28][INFO]  [device] Manual Test Command Executed: 13
[2025-12-21|14:50:29][ERROR] [device] Error in indicator_down: list index out of range
[2025-12-21|14:50:29][INFO]  [device] Manual Test Command Executed: 13
[2025-12-21|14:50:29][ERROR] [device] Error in indicator_down: list index out of range
[2025-12-21|14:50:29][INFO]  [device] Manual Test Command Executed: 13
[2025-12-21|14:50:29][ERROR] [device] Error in indicator_down: list index out of range
[2025-12-21|14:50:29][INFO]  [device] Manual Test Command Executed: 13
[2025-12-21|14:50:29][ERROR] [device] Error in indicator_down: list index out of range
[2025-12-21|14:50:29][INFO]  [device] Manual Test Command Executed: 13
[2025-12-21|14:50:29][ERROR] [device] Error in indicator_down: list index out of range
[2025-12-21|14:50:29][INFO]  [device] Manual Test Command Executed: 13
[2025-12-21|14:50:29][ERROR] [device] Error in indicator_down: list index out of range
[2025-12-21|14:50:29][INFO]  [device] Manual Test Command Executed: 13
[2025-12-21|14:50:29][ERROR] [device] Error in indicator_down: list index out of range
[2025-12-21|14:50:29][INFO]  [device] Manual Test Command Executed: 13
[2025-12-21|14:50:29][ERROR] [device] Error in indicator_down: list index out of range
[2025-12-21|14:50:29][INFO]  [device] Manual Test Command Executed: 13
[2025-12-21|14:50:29][ERROR] [device] Error in indicator_down: list index out of range
[2025-12-21|14:50:29][INFO]  [device] Manual Test Command Executed: 13
[2025-12-21|14:50:30][ERROR] [device] Error in indicator_down: list index out of range
[2025-12-21|14:50:30][INFO]  [device] Manual Test Command Executed: 13
[2025-12-21|14:50:30][ERROR] [device] Error in indicator_down: list index out of range
[2025-12-21|14:50:30][INFO]  [device] Manual Test Command Executed: 13
[2025-12-21|14:50:30][ERROR] [device] Error in indicator_down: list index out of range
[2025-12-21|14:50:30][INFO]  [device] Manual Test Command Executed: 13
[2025-12-21|14:50:30][ERROR] [device] Error in indicator_down: list index out of range
[2025-12-21|14:50:30][INFO]  [device] Manual Test Command Executed: 13
[2025-12-21|14:50:30][ERROR] [device] Error in indicator_down: list index out of range
[2025-12-21|14:50:30][INFO]  [device] Manual Test Command Executed: 13
[2025-12-21|14:50:30][ERROR] [device] Error in indicator_down: list index out of range
[2025-12-21|14:50:30][INFO]  [device] Manual Test Command Executed: 13
[2025-12-21|14:50:30][ERROR] [device] Error in indicator_down: list index out of range
[2025-12-21|14:50:30][INFO]  [device] Manual Test Command Executed: 13
[2025-12-21|14:50:30][ERROR] [device] Error in indicator_down: list index out of range
[2025-12-21|14:50:30][INFO]  [device] Manual Test Command Executed: 13
[2025-12-21|14:50:30][ERROR] [device] Error in indicator_down: list index out of range
[2025-12-21|14:50:30][INFO]  [device] Manual Test Command Executed: 13
[2025-12-21|14:50:31][ERROR] [device] Error in indicator_down: list index out of range
[2025-12-21|14:50:31][INFO]  [device] Manual Test Command Executed: 13
[2025-12-21|14:50:31][ERROR] [device] Error in indicator_down: list index out of range
[2025-12-21|14:50:31][INFO]  [device] Manual Test Command Executed: 13
[2025-12-21|14:50:31][ERROR] [device] Error in indicator_down: list index out of range
[2025-12-21|14:50:31][INFO]  [device] Manual Test Command Executed: 13
[2025-12-21|14:50:31][ERROR] [device] Error in indicator_down: list index out of range
[2025-12-21|14:50:31][INFO]  [device] Manual Test Command Executed: 13
[2025-12-21|14:50:31][ERROR] [device] Error in indicator_down: list index out of range
[2025-12-21|14:50:31][INFO]  [device] Manual Test Command Executed: 13
[2025-12-21|14:50:31][ERROR] [device] Error in indicator_down: list index out of range
[2025-12-21|14:50:31][INFO]  [device] Manual Test Command Executed: 13
[2025-12-21|14:50:31][ERROR] [device] Error in indicator_down: list index out of range
[2025-12-21|14:50:31][INFO]  [device] Manual Test Command Executed: 13
[2025-12-21|14:50:31][ERROR] [device] Error in indicator_down: list index out of range
[2025-12-21|14:50:31][INFO]  [device] Manual Test Command Executed: 13
[2025-12-21|14:50:31][ERROR] [device] Error in indicator_down: list index out of range
[2025-12-21|14:50:31][INFO]  [device] Manual Test Command Executed: 13
[2025-12-21|14:50:32][ERROR] [device] Error in indicator_down: list index out of range
[2025-12-21|14:50:32][INFO]  [device] Manual Test Command Executed: 13
[2025-12-21|14:50:32][ERROR] [device] Error in indicator_down: list index out of range
[2025-12-21|14:50:32][INFO]  [device] Manual Test Command Executed: 13
[2025-12-21|14:50:32][ERROR] [device] Error in indicator_down: list index out of range
[2025-12-21|14:50:32][INFO]  [device] Manual Test Command Executed: 13
[2025-12-21|14:50:32][ERROR] [device] Error in indicator_down: list index out of range
[2025-12-21|14:50:32][INFO]  [device] Manual Test Command Executed: 13
[2025-12-21|14:50:32][ERROR] [device] Error in indicator_down: list index out of range
[2025-12-21|14:50:32][INFO]  [device] Manual Test Command Executed: 13
[2025-12-21|14:50:32][ERROR] [device] Error in indicator_down: list index out of range
[2025-12-21|14:50:32][INFO]  [device] Manual Test Command Executed: 13
[2025-12-21|14:50:32][ERROR] [device] Error in indicator_down: list index out of range
[2025-12-21|14:50:32][INFO]  [device] Manual Test Command Executed: 13
[2025-12-21|14:50:32][ERROR] [device] Error in indicator_down: list index out of range
[2025-12-21|14:50:32][INFO]  [device] Manual Test Command Executed: 13
[2025-12-21|14:50:32][ERROR] [device] Error in indicator_down: list index out of range
[2025-12-21|14:50:32][INFO]  [device] Manual Test Command Executed: 13
[2025-12-21|14:50:32][ERROR] [device] Error in indicator_down: list index out of range
[2025-12-21|14:50:32][INFO]  [device] Manual Test Command Executed: 13
[2025-12-21|14:50:33][ERROR] [device] Error in indicator_down: list index out of range
[2025-12-21|14:50:33][INFO]  [device] Manual Test Command Executed: 13
[2025-12-21|14:50:33][ERROR] [device] Error in indicator_down: list index out of range
[2025-12-21|14:50:33][INFO]  [device] Manual Test Command Executed: 13
[2025-12-21|14:50:33][ERROR] [device] Error in indicator_down: list index out of range
[2025-12-21|14:50:33][INFO]  [device] Manual Test Command Executed: 13
[2025-12-21|14:50:33][ERROR] [device] Error in indicator_down: list index out of range
[2025-12-21|14:50:33][INFO]  [device] Manual Test Command Executed: 13
[2025-12-21|14:50:33][ERROR] [device] Error in indicator_down: list index out of range
[2025-12-21|14:50:33][INFO]  [device] Manual Test Command Executed: 13
[2025-12-21|14:50:33][ERROR] [device] Error in indicator_down: list index out of range
[2025-12-21|14:50:33][INFO]  [device] Manual Test Command Executed: 13
[2025-12-21|14:50:33][ERROR] [device] Error in indicator_down: list index out of range
[2025-12-21|14:50:33][INFO]  [device] Manual Test Command Executed: 13
[2025-12-21|14:50:33][ERROR] [device] Error in indicator_down: list index out of range
[2025-12-21|14:50:33][INFO]  [device] Manual Test Command Executed: 13
[2025-12-21|14:50:33][ERROR] [device] Error in indicator_down: list index out of range
[2025-12-21|14:50:33][INFO]  [device] Manual Test Command Executed: 13
[2025-12-21|14:50:34][ERROR] [device] Error in indicator_down: list index out of range
[2025-12-21|14:50:34][INFO]  [device] Manual Test Command Executed: 13
[2025-12-21|14:50:34][ERROR] [device] Error in indicator_down: list index out of range
[2025-12-21|14:50:34][INFO]  [device] Manual Test Command Executed: 13
[2025-12-21|14:50:34][ERROR] [device] Error in indicator_down: list index out of range
[2025-12-21|14:50:34][INFO]  [device] Manual Test Command Executed: 13
[2025-12-21|14:50:34][ERROR] [device] Error in indicator_down: list index out of range
[2025-12-21|14:50:34][INFO]  [device] Manual Test Command Executed: 13
[2025-12-21|14:50:34][ERROR] [device] Error in indicator_down: list index out of range
[2025-12-21|14:50:34][INFO]  [device] Manual Test Command Executed: 13
[2025-12-21|14:50:34][ERROR] [device] Error in indicator_down: list index out of range
[2025-12-21|14:50:34][INFO]  [device] Manual Test Command Executed: 13
[2025-12-21|14:50:34][ERROR] [device] Error in indicator_down: list index out of range
[2025-12-21|14:50:34][INFO]  [device] Manual Test Command Executed: 13
[2025-12-21|14:50:34][ERROR] [device] Error in indicator_down: list index out of range
[2025-12-21|14:50:34][INFO]  [device] Manual Test Command Executed: 13
[2025-12-21|14:50:34][ERROR] [device] Error in indicator_down: list index out of range
[2025-12-21|14:50:34][INFO]  [device] Manual Test Command Executed: 13
[2025-12-21|14:50:35][ERROR] [device] Error in indicator_down: list index out of range
[2025-12-21|14:50:35][INFO]  [device] Manual Test Command Executed: 13
[2025-12-21|14:50:35][ERROR] [device] Error in indicator_down: list index out of range
[2025-12-21|14:50:35][INFO]  [device] Manual Test Command Executed: 13
[2025-12-21|14:50:35][ERROR] [device] Error in indicator_down: list index out of range
[2025-12-21|14:50:35][INFO]  [device] Manual Test Command Executed: 13
[2025-12-21|14:50:35][ERROR] [device] Error in indicator_down: list index out of range
[2025-12-21|14:50:35][INFO]  [device] Manual Test Command Executed: 13
[2025-12-21|14:50:35][ERROR] [device] Error in indicator_down: list index out of range
[2025-12-21|14:50:35][INFO]  [device] Manual Test Command Executed: 13
[2025-12-21|14:50:35][ERROR] [device] Error in indicator_down: list index out of range
[2025-12-21|14:50:35][INFO]  [device] Manual Test Command Executed: 13
[2025-12-21|14:50:35][ERROR] [device] Error in indicator_down: list index out of range
[2025-12-21|14:50:35][INFO]  [device] Manual Test Command Executed: 13
[2025-12-21|14:50:35][ERROR] [device] Error in indicator_down: list index out of range
[2025-12-21|14:50:35][INFO]  [device] Manual Test Command Executed: 13
[2025-12-21|14:50:35][ERROR] [device] Error in indicator_down: list index out of range
[2025-12-21|14:50:35][INFO]  [device] Manual Test Command Executed: 13
[2025-12-21|14:50:36][ERROR] [device] Error in indicator_down: list index out of range
[2025-12-21|14:50:36][INFO]  [device] Manual Test Command Executed: 13
[2025-12-21|14:50:36][ERROR] [device] Error in indicator_down: list index out of range
[2025-12-21|14:50:36][INFO]  [device] Manual Test Command Executed: 13
[2025-12-21|14:50:36][ERROR] [device] Error in indicator_down: list index out of range
[2025-12-21|14:50:36][INFO]  [device] Manual Test Command Executed: 13
[2025-12-21|14:50:36][ERROR] [device] Error in indicator_down: list index out of range
[2025-12-21|14:50:36][INFO]  [device] Manual Test Command Executed: 13
[2025-12-21|14:50:36][ERROR] [device] Error in indicator_down: list index out of range
[2025-12-21|14:50:36][INFO]  [device] Manual Test Command Executed: 13
[2025-12-21|14:50:36][ERROR] [device] Error in indicator_down: list index out of range
[2025-12-21|14:50:36][INFO]  [device] Manual Test Command Executed: 13
[2025-12-21|14:50:36][ERROR] [device] Error in indicator_down: list index out of range
[2025-12-21|14:50:36][INFO]  [device] Manual Test Command Executed: 13
[2025-12-21|14:50:36][ERROR] [device] Error in indicator_down: list index out of range
[2025-12-21|14:50:36][INFO]  [device] Manual Test Command Executed: 13
[2025-12-21|14:50:36][ERROR] [device] Error in indicator_down: list index out of range
[2025-12-21|14:50:36][INFO]  [device] Manual Test Command Executed: 13
[2025-12-21|14:50:36][ERROR] [device] Error in indicator_down: list index out of range
[2025-12-21|14:50:36][INFO]  [device] Manual Test Command Executed: 13
[2025-12-21|14:50:37][ERROR] [device] Error in indicator_down: list index out of range
[2025-12-21|14:50:37][INFO]  [device] Manual Test Command Executed: 13
[2025-12-21|14:50:37][ERROR] [device] Error in indicator_down: list index out of range
[2025-12-21|14:50:37][INFO]  [device] Manual Test Command Executed: 13
[2025-12-21|14:50:37][ERROR] [device] Error in indicator_down: list index out of range
[2025-12-21|14:50:37][INFO]  [device] Manual Test Command Executed: 13
[2025-12-21|14:50:37][ERROR] [device] Error in indicator_down: list index out of range
[2025-12-21|14:50:37][INFO]  [device] Manual Test Command Executed: 13
[2025-12-21|14:50:37][ERROR] [device] Error in indicator_down: list index out of range
[2025-12-21|14:50:37][INFO]  [device] Manual Test Command Executed: 13
[2025-12-21|14:50:37][ERROR] [device] Error in indicator_down: list index out of range
[2025-12-21|14:50:37][INFO]  [device] Manual Test Command Executed: 13
[2025-12-21|14:50:37][ERROR] [device] Error in indicator_down: list index out of range
[2025-12-21|14:50:37][INFO]  [device] Manual Test Command Executed: 13
[2025-12-21|14:50:37][ERROR] [device] Error in indicator_down: list index out of range
[2025-12-21|14:50:37][INFO]  [device] Manual Test Command Executed: 13
[2025-12-21|14:50:37][ERROR] [device] Error in indicator_down: list index out of range
[2025-12-21|14:50:37][INFO]  [device] Manual Test Command Executed: 13
[2025-12-21|14:50:38][ERROR] [device] Error in indicator_down: list index out of range
[2025-12-21|14:50:38][INFO]  [device] Manual Test Command Executed: 13
[2025-12-21|14:50:38][ERROR] [device] Error in indicator_down: list index out of range
[2025-12-21|14:50:38][INFO]  [device] Manual Test Command Executed: 13
[2025-12-21|14:50:38][ERROR] [device] Error in indicator_down: list index out of range
[2025-12-21|14:50:38][INFO]  [device] Manual Test Command Executed: 13
[2025-12-21|14:50:38][ERROR] [device] Error in indicator_down: list index out of range
[2025-12-21|14:50:38][INFO]  [device] Manual Test Command Executed: 13
[2025-12-21|14:50:38][ERROR] [device] Error in indicator_down: list index out of range
[2025-12-21|14:50:38][INFO]  [device] Manual Test Command Executed: 13
[2025-12-21|14:50:38][ERROR] [device] Error in indicator_down: list index out of range
[2025-12-21|14:50:38][INFO]  [device] Manual Test Command Executed: 13
[2025-12-21|14:50:38][ERROR] [device] Error in indicator_down: list index out of range
[2025-12-21|14:50:38][INFO]  [device] Manual Test Command Executed: 13
[2025-12-21|14:50:38][ERROR] [device] Error in indicator_down: list index out of range
[2025-12-21|14:50:38][INFO]  [device] Manual Test Command Executed: 13
[2025-12-21|14:50:38][ERROR] [device] Error in indicator_down: list index out of range
[2025-12-21|14:50:38][INFO]  [device] Manual Test Command Executed: 13
[2025-12-21|14:50:39][ERROR] [device] Error in indicator_down: list index out of range
[2025-12-21|14:50:39][INFO]  [device] Manual Test Command Executed: 13
[2025-12-21|14:50:39][ERROR] [device] Error in indicator_down: list index out of range
[2025-12-21|14:50:39][INFO]  [device] Manual Test Command Executed: 13
[2025-12-21|14:50:39][ERROR] [device] Error in indicator_down: list index out of range
[2025-12-21|14:50:39][INFO]  [device] Manual Test Command Executed: 13
[2025-12-21|14:50:39][ERROR] [device] Error in indicator_down: list index out of range
[2025-12-21|14:50:39][INFO]  [device] Manual Test Command Executed: 13
[2025-12-21|14:50:39][ERROR] [device] Error in indicator_down: list index out of range
[2025-12-21|14:50:39][INFO]  [device] Manual Test Command Executed: 13
[2025-12-21|14:50:39][ERROR] [device] Error in indicator_down: list index out of range
[2025-12-21|14:50:39][INFO]  [device] Manual Test Command Executed: 13
[2025-12-21|14:50:39][ERROR] [device] Error in indicator_down: list index out of range
[2025-12-21|14:50:39][INFO]  [device] Manual Test Command Executed: 13
[2025-12-21|14:50:39][ERROR] [device] Error in indicator_down: list index out of range
[2025-12-21|14:50:39][INFO]  [device] Manual Test Command Executed: 13
[2025-12-21|14:50:39][ERROR] [device] Error in indicator_down: list index out of range
[2025-12-21|14:50:39][INFO]  [device] Manual Test Command Executed: 13
[2025-12-21|14:50:40][ERROR] [device] Error in indicator_down: list index out of range
[2025-12-21|14:50:40][INFO]  [device] Manual Test Command Executed: 13
[2025-12-21|14:50:40][ERROR] [device] Error in indicator_down: list index out of range
[2025-12-21|14:50:40][INFO]  [device] Manual Test Command Executed: 13
[2025-12-21|14:50:40][ERROR] [device] Error in indicator_down: list index out of range
[2025-12-21|14:50:40][INFO]  [device] Manual Test Command Executed: 13
[2025-12-21|14:50:40][ERROR] [device] Error in indicator_down: list index out of range
[2025-12-21|14:50:40][INFO]  [device] Manual Test Command Executed: 13
[2025-12-21|14:50:40][ERROR] [device] Error in indicator_down: list index out of range
[2025-12-21|14:50:40][INFO]  [device] Manual Test Command Executed: 13
[2025-12-21|14:50:40][ERROR] [device] Error in indicator_down: list index out of range
[2025-12-21|14:50:40][INFO]  [device] Manual Test Command Executed: 13
[2025-12-21|14:50:40][ERROR] [device] Error in indicator_down: list index out of range
[2025-12-21|14:50:40][INFO]  [device] Manual Test Command Executed: 13
[2025-12-21|14:50:40][ERROR] [device] Error in indicator_down: list index out of range
[2025-12-21|14:50:40][INFO]  [device] Manual Test Command Executed: 13
[2025-12-21|14:50:40][ERROR] [device] Error in indicator_down: list index out of range
[2025-12-21|14:50:40][INFO]  [device] Manual Test Command Executed: 13
[2025-12-21|14:50:41][ERROR] [device] Error in indicator_down: list index out of range
[2025-12-21|14:50:41][INFO]  [device] Manual Test Command Executed: 13
[2025-12-21|14:50:41][ERROR] [device] Error in indicator_down: list index out of range
[2025-12-21|14:50:41][INFO]  [device] Manual Test Command Executed: 13
[2025-12-21|14:50:41][ERROR] [device] Error in indicator_down: list index out of range
[2025-12-21|14:50:41][INFO]  [device] Manual Test Command Executed: 13
[2025-12-21|14:50:41][ERROR] [device] Error in indicator_down: list index out of range
[2025-12-21|14:50:41][INFO]  [device] Manual Test Command Executed: 13
[2025-12-21|14:50:41][ERROR] [device] Error in indicator_down: list index out of range
[2025-12-21|14:50:41][INFO]  [device] Manual Test Command Executed: 13
[2025-12-21|14:50:41][ERROR] [device] Error in indicator_down: list index out of range
[2025-12-21|14:50:41][INFO]  [device] Manual Test Command Executed: 13
[2025-12-21|14:50:41][ERROR] [device] Error in indicator_down: list index out of range
[2025-12-21|14:50:41][INFO]  [device] Manual Test Command Executed: 13
[2025-12-21|14:50:41][ERROR] [device] Error in indicator_down: list index out of range
[2025-12-21|14:50:41][INFO]  [device] Manual Test Command Executed: 13
[2025-12-21|14:50:41][ERROR] [device] Error in indicator_down: list index out of range
[2025-12-21|14:50:41][INFO]  [device] Manual Test Command Executed: 13
[2025-12-21|14:50:42][ERROR] [device] Error in indicator_down: list index out of range
[2025-12-21|14:50:42][INFO]  [device] Manual Test Command Executed: 13
[2025-12-21|14:50:42][ERROR] [device] Error in indicator_down: list index out of range
[2025-12-21|14:50:42][INFO]  [device] Manual Test Command Executed: 13
[2025-12-21|14:50:42][ERROR] [device] Error in indicator_down: list index out of range
[2025-12-21|14:50:42][INFO]  [device] Manual Test Command Executed: 13
[2025-12-21|14:50:42][ERROR] [device] Error in indicator_down: list index out of range
[2025-12-21|14:50:42][INFO]  [device] Manual Test Command Executed: 13
[2025-12-21|14:50:42][ERROR] [device] Error in indicator_down: list index out of range
[2025-12-21|14:50:42][INFO]  [device] Manual Test Command Executed: 13
[2025-12-21|14:50:42][ERROR] [device] Error in indicator_down: list index out of range
[2025-12-21|14:50:42][INFO]  [device] Manual Test Command Executed: 13
[2025-12-21|14:50:42][ERROR] [device] Error in indicator_down: list index out of range
[2025-12-21|14:50:42][INFO]  [device] Manual Test Command Executed: 13
[2025-12-21|14:50:42][ERROR] [device] Error in indicator_down: list index out of range
[2025-12-21|14:50:42][INFO]  [device] Manual Test Command Executed: 13
[2025-12-21|14:50:42][ERROR] [device] Error in indicator_down: list index out of range
[2025-12-21|14:50:42][INFO]  [device] Manual Test Command Executed: 13
[2025-12-21|14:50:42][ERROR] [device] Error in indicator_down: list index out of range
[2025-12-21|14:50:42][INFO]  [device] Manual Test Command Executed: 13
[2025-12-21|14:50:43][ERROR] [device] Error in indicator_down: list index out of range
[2025-12-21|14:50:43][INFO]  [device] Manual Test Command Executed: 13
[2025-12-21|14:50:43][ERROR] [device] Error in indicator_down: list index out of range
[2025-12-21|14:50:43][INFO]  [device] Manual Test Command Executed: 13
[2025-12-21|14:50:43][ERROR] [device] Error in indicator_down: list index out of range
[2025-12-21|14:50:43][INFO]  [device] Manual Test Command Executed: 13
[2025-12-21|14:50:43][ERROR] [device] Error in indicator_down: list index out of range
[2025-12-21|14:50:43][INFO]  [device] Manual Test Command Executed: 13
[2025-12-21|14:50:43][ERROR] [device] Error in indicator_down: list index out of range
[2025-12-21|14:50:43][INFO]  [device] Manual Test Command Executed: 13
[2025-12-21|14:50:43][ERROR] [device] Error in indicator_down: list index out of range
[2025-12-21|14:50:43][INFO]  [device] Manual Test Command Executed: 13
[2025-12-21|14:50:43][ERROR] [device] Error in indicator_down: list index out of range
[2025-12-21|14:50:43][INFO]  [device] Manual Test Command Executed: 13
[2025-12-21|14:50:43][ERROR] [device] Error in indicator_down: list index out of range
[2025-12-21|14:50:43][INFO]  [device] Manual Test Command Executed: 13
[2025-12-21|14:50:43][ERROR] [device] Error in indicator_down: list index out of range
[2025-12-21|14:50:43][INFO]  [device] Manual Test Command Executed: 13
[2025-12-21|14:50:44][ERROR] [device] Error in indicator_down: list index out of range
[2025-12-21|14:50:44][INFO]  [device] Manual Test Command Executed: 13
[2025-12-21|14:50:44][ERROR] [device] Error in indicator_down: list index out of range
[2025-12-21|14:50:44][INFO]  [device] Manual Test Command Executed: 13
[2025-12-21|14:50:44][ERROR] [device] Error in indicator_down: list index out of range
[2025-12-21|14:50:44][INFO]  [device] Manual Test Command Executed: 13
[2025-12-21|14:50:44][ERROR] [device] Error in indicator_down: list index out of range
[2025-12-21|14:50:44][INFO]  [device] Manual Test Command Executed: 13
[2025-12-21|14:50:44][ERROR] [device] Error in indicator_down: list index out of range
[2025-12-21|14:50:44][INFO]  [device] Manual Test Command Executed: 13
[2025-12-21|14:50:44][ERROR] [device] Error in indicator_down: list index out of range
[2025-12-21|14:50:44][INFO]  [device] Manual Test Command Executed: 13
[2025-12-21|14:50:44][ERROR] [device] Error in indicator_down: list index out of range
[2025-12-21|14:50:44][INFO]  [device] Manual Test Command Executed: 13
[2025-12-21|14:50:44][ERROR] [device] Error in indicator_down: list index out of range
[2025-12-21|14:50:44][INFO]  [device] Manual Test Command Executed: 13
[2025-12-21|14:50:44][ERROR] [device] Error in indicator_down: list index out of range
[2025-12-21|14:50:44][INFO]  [device] Manual Test Command Executed: 13
[2025-12-21|14:50:45][ERROR] [device] Error in indicator_down: list index out of range
[2025-12-21|14:50:45][INFO]  [device] Manual Test Command Executed: 13
[2025-12-21|14:50:45][ERROR] [device] Error in indicator_down: list index out of range
[2025-12-21|14:50:45][INFO]  [device] Manual Test Command Executed: 13
[2025-12-21|14:50:45][ERROR] [device] Error in indicator_down: list index out of range
[2025-12-21|14:50:45][INFO]  [device] Manual Test Command Executed: 13
[2025-12-21|14:50:45][ERROR] [device] Error in indicator_down: list index out of range
[2025-12-21|14:50:45][INFO]  [device] Manual Test Command Executed: 13
[2025-12-21|14:50:45][ERROR] [device] Error in indicator_down: list index out of range
[2025-12-21|14:50:45][INFO]  [device] Manual Test Command Executed: 13
[2025-12-21|14:50:45][ERROR] [device] Error in indicator_down: list index out of range
[2025-12-21|14:50:45][INFO]  [device] Manual Test Command Executed: 13
[2025-12-21|14:50:45][ERROR] [device] Error in indicator_down: list index out of range
[2025-12-21|14:50:45][INFO]  [device] Manual Test Command Executed: 13
[2025-12-21|14:50:45][ERROR] [device] Error in indicator_down: list index out of range
[2025-12-21|14:50:45][INFO]  [device] Manual Test Command Executed: 13
[2025-12-21|14:50:45][ERROR] [device] Error in indicator_down: list index out of range
[2025-12-21|14:50:45][INFO]  [device] Manual Test Command Executed: 13
[2025-12-21|14:50:46][ERROR] [device] Error in indicator_down: list index out of range
[2025-12-21|14:50:46][INFO]  [device] Manual Test Command Executed: 13
[2025-12-21|14:50:46][ERROR] [device] Error in indicator_down: list index out of range
[2025-12-21|14:50:46][INFO]  [device] Manual Test Command Executed: 13
[2025-12-21|14:50:46][ERROR] [device] Error in indicator_down: list index out of range
[2025-12-21|14:50:46][INFO]  [device] Manual Test Command Executed: 13
[2025-12-21|14:50:46][ERROR] [device] Error in indicator_down: list index out of range
[2025-12-21|14:50:46][INFO]  [device] Manual Test Command Executed: 13
[2025-12-21|14:50:46][ERROR] [device] Error in indicator_down: list index out of range
[2025-12-21|14:50:46][INFO]  [device] Manual Test Command Executed: 13
[2025-12-21|14:50:46][ERROR] [device] Error in indicator_down: list index out of range
[2025-12-21|14:50:46][INFO]  [device] Manual Test Command Executed: 13
[2025-12-21|14:50:46][ERROR] [device] Error in indicator_down: list index out of range
[2025-12-21|14:50:46][INFO]  [device] Manual Test Command Executed: 13
[2025-12-21|14:50:46][ERROR] [device] Error in indicator_down: list index out of range
[2025-12-21|14:50:46][INFO]  [device] Manual Test Command Executed: 13
[2025-12-21|14:50:46][ERROR] [device] Error in indicator_down: list index out of range
[2025-12-21|14:50:46][INFO]  [device] Manual Test Command Executed: 13
[2025-12-21|14:50:46][ERROR] [device] Error in indicator_down: list index out of range
[2025-12-21|14:50:46][INFO]  [device] Manual Test Command Executed: 13
[2025-12-21|14:50:47][ERROR] [device] Error in indicator_down: list index out of range
[2025-12-21|14:50:47][INFO]  [device] Manual Test Command Executed: 13
[2025-12-21|14:50:47][ERROR] [device] Error in indicator_down: list index out of range
[2025-12-21|14:50:47][INFO]  [device] Manual Test Command Executed: 13
[2025-12-21|14:50:47][ERROR] [device] Error in indicator_down: list index out of range
[2025-12-21|14:50:47][INFO]  [device] Manual Test Command Executed: 13
[2025-12-21|14:50:47][ERROR] [device] Error in indicator_down: list index out of range
[2025-12-21|14:50:47][INFO]  [device] Manual Test Command Executed: 13
[2025-12-21|14:50:47][ERROR] [device] Error in indicator_down: list index out of range
[2025-12-21|14:50:47][INFO]  [device] Manual Test Command Executed: 13
[2025-12-21|14:50:47][ERROR] [device] Error in indicator_down: list index out of range
[2025-12-21|14:50:47][INFO]  [device] Manual Test Command Executed: 13
[2025-12-21|14:50:47][ERROR] [device] Error in indicator_down: list index out of range
[2025-12-21|14:50:47][INFO]  [device] Manual Test Command Executed: 13
[2025-12-21|14:50:47][ERROR] [device] Error in indicator_down: list index out of range
[2025-12-21|14:50:47][INFO]  [device] Manual Test Command Executed: 13
[2025-12-21|14:50:47][ERROR] [device] Error in indicator_down: list index out of range
[2025-12-21|14:50:47][INFO]  [device] Manual Test Command Executed: 13
[2025-12-21|14:50:48][ERROR] [device] Error in indicator_down: list index out of range
[2025-12-21|14:50:48][INFO]  [device] Manual Test Command Executed: 13
[2025-12-21|14:50:48][ERROR] [device] Error in indicator_down: list index out of range
[2025-12-21|14:50:48][INFO]  [device] Manual Test Command Executed: 13
[2025-12-21|14:50:48][ERROR] [device] Error in indicator_down: list index out of range
[2025-12-21|14:50:48][INFO]  [device] Manual Test Command Executed: 13
[2025-12-21|14:50:48][ERROR] [device] Error in indicator_down: list index out of range
[2025-12-21|14:50:48][INFO]  [device] Manual Test Command Executed: 13
[2025-12-21|14:50:48][ERROR] [device] Error in indicator_down: list index out of range
[2025-12-21|14:50:48][INFO]  [device] Manual Test Command Executed: 13
[2025-12-21|14:50:48][ERROR] [device] Error in indicator_down: list index out of range
[2025-12-21|14:50:48][INFO]  [device] Manual Test Command Executed: 13
[2025-12-21|14:50:48][ERROR] [device] Error in indicator_down: list index out of range
[2025-12-21|14:50:48][INFO]  [device] Manual Test Command Executed: 13
[2025-12-21|14:50:48][ERROR] [device] Error in indicator_down: list index out of range
[2025-12-21|14:50:48][INFO]  [device] Manual Test Command Executed: 13
[2025-12-21|14:50:48][ERROR] [device] Error in indicator_down: list index out of range
[2025-12-21|14:50:48][INFO]  [device] Manual Test Command Executed: 13
[2025-12-21|14:50:49][ERROR] [device] Error in indicator_down: list index out of range
[2025-12-21|14:50:49][INFO]  [device] Manual Test Command Executed: 13
[2025-12-21|14:50:49][ERROR] [device] Error in indicator_down: list index out of range
[2025-12-21|14:50:49][INFO]  [device] Manual Test Command Executed: 13
[2025-12-21|14:50:49][ERROR] [device] Error in indicator_down: list index out of range
[2025-12-21|14:50:49][INFO]  [device] Manual Test Command Executed: 13
[2025-12-21|14:50:49][ERROR] [device] Error in indicator_down: list index out of range
[2025-12-21|14:50:49][INFO]  [device] Manual Test Command Executed: 13
[2025-12-21|14:50:49][ERROR] [device] Error in indicator_down: list index out of range
[2025-12-21|14:50:49][INFO]  [device] Manual Test Command Executed: 13
[2025-12-21|14:50:49][ERROR] [device] Error in indicator_down: list index out of range
[2025-12-21|14:50:49][INFO]  [device] Manual Test Command Executed: 13
[2025-12-21|14:50:49][ERROR] [device] Error in indicator_down: list index out of range
[2025-12-21|14:50:49][INFO]  [device] Manual Test Command Executed: 13
[2025-12-21|14:50:49][ERROR] [device] Error in indicator_down: list index out of range
[2025-12-21|14:50:49][INFO]  [device] Manual Test Command Executed: 13
[2025-12-21|14:50:49][ERROR] [device] Error in indicator_down: list index out of range
[2025-12-21|14:50:49][INFO]  [device] Manual Test Command Executed: 13
[2025-12-21|14:50:50][ERROR] [device] Error in indicator_down: list index out of range
[2025-12-21|14:50:50][INFO]  [device] Manual Test Command Executed: 13
[2025-12-21|14:50:50][ERROR] [device] Error in indicator_down: list index out of range
[2025-12-21|14:50:50][INFO]  [device] Manual Test Command Executed: 13
[2025-12-21|14:50:50][ERROR] [device] Error in indicator_down: list index out of range
[2025-12-21|14:50:50][INFO]  [device] Manual Test Command Executed: 13
[2025-12-21|14:50:50][ERROR] [device] Error in indicator_down: list index out of range
[2025-12-21|14:50:50][INFO]  [device] Manual Test Command Executed: 13
[2025-12-21|14:50:50][ERROR] [device] Error in indicator_down: list index out of range
[2025-12-21|14:50:50][INFO]  [device] Manual Test Command Executed: 13
[2025-12-21|14:50:50][ERROR] [device] Error in indicator_down: list index out of range
[2025-12-21|14:50:50][INFO]  [device] Manual Test Command Executed: 13
[2025-12-21|14:50:50][ERROR] [device] Error in indicator_down: list index out of range
[2025-12-21|14:50:50][INFO]  [device] Manual Test Command Executed: 13
[2025-12-21|14:50:50][ERROR] [device] Error in indicator_down: list index out of range
[2025-12-21|14:50:50][INFO]  [device] Manual Test Command Executed: 13
[2025-12-21|14:50:50][ERROR] [device] Error in indicator_down: list index out of range
[2025-12-21|14:50:50][INFO]  [device] Manual Test Command Executed: 13
[2025-12-21|14:50:51][ERROR] [device] Error in indicator_down: list index out of range
[2025-12-21|14:50:51][INFO]  [device] Manual Test Command Executed: 13
[2025-12-21|14:50:51][ERROR] [device] Error in indicator_down: list index out of range
[2025-12-21|14:50:51][INFO]  [device] Manual Test Command Executed: 13
[2025-12-21|14:50:51][ERROR] [device] Error in indicator_down: list index out of range
[2025-12-21|14:50:51][INFO]  [device] Manual Test Command Executed: 13
[2025-12-21|14:50:51][ERROR] [device] Error in indicator_down: list index out of range
[2025-12-21|14:50:51][INFO]  [device] Manual Test Command Executed: 13
[2025-12-21|14:50:51][ERROR] [device] Error in indicator_down: list index out of range
[2025-12-21|14:50:51][INFO]  [device] Manual Test Command Executed: 13
[2025-12-21|14:50:51][ERROR] [device] Error in indicator_down: list index out of range
[2025-12-21|14:50:51][INFO]  [device] Manual Test Command Executed: 13
[2025-12-21|14:50:51][ERROR] [device] Error in indicator_down: list index out of range
[2025-12-21|14:50:51][INFO]  [device] Manual Test Command Executed: 13
[2025-12-21|14:50:51][ERROR] [device] Error in indicator_down: list index out of range
[2025-12-21|14:50:51][INFO]  [device] Manual Test Command Executed: 13
[2025-12-21|14:50:51][ERROR] [device] Error in indicator_down: list index out of range
[2025-12-21|14:50:51][INFO]  [device] Manual Test Command Executed: 13
[2025-12-21|14:50:51][ERROR] [device] Error in indicator_down: list index out of range
[2025-12-21|14:50:51][INFO]  [device] Manual Test Command Executed: 13
[2025-12-21|14:50:52][ERROR] [device] Error in indicator_down: list index out of range
[2025-12-21|14:50:52][INFO]  [device] Manual Test Command Executed: 13
[2025-12-21|14:50:52][ERROR] [device] Error in indicator_down: list index out of range
[2025-12-21|14:50:52][INFO]  [device] Manual Test Command Executed: 13
[2025-12-21|14:50:52][ERROR] [device] Error in indicator_down: list index out of range
[2025-12-21|14:50:52][INFO]  [device] Manual Test Command Executed: 13
[2025-12-21|14:50:52][ERROR] [device] Error in indicator_down: list index out of range
[2025-12-21|14:50:52][INFO]  [device] Manual Test Command Executed: 13
[2025-12-21|14:50:52][ERROR] [device] Error in indicator_down: list index out of range
[2025-12-21|14:50:52][INFO]  [device] Manual Test Command Executed: 13
[2025-12-21|14:50:52][ERROR] [device] Error in indicator_down: list index out of range
[2025-12-21|14:50:52][INFO]  [device] Manual Test Command Executed: 13
[2025-12-21|14:50:52][ERROR] [device] Error in indicator_down: list index out of range
[2025-12-21|14:50:52][INFO]  [device] Manual Test Command Executed: 13
[2025-12-21|14:50:52][ERROR] [device] Error in indicator_down: list index out of range
[2025-12-21|14:50:52][INFO]  [device] Manual Test Command Executed: 13
[2025-12-21|14:50:52][ERROR] [device] Error in indicator_down: list index out of range
[2025-12-21|14:50:52][INFO]  [device] Manual Test Command Executed: 13
[2025-12-21|14:50:53][ERROR] [device] Error in indicator_down: list index out of range
[2025-12-21|14:50:53][INFO]  [device] Manual Test Command Executed: 13
[2025-12-21|14:50:53][ERROR] [device] Error in indicator_down: list index out of range
[2025-12-21|14:50:53][INFO]  [device] Manual Test Command Executed: 13
[2025-12-21|14:50:53][ERROR] [device] Error in indicator_down: list index out of range
[2025-12-21|14:50:53][INFO]  [device] Manual Test Command Executed: 13
[2025-12-21|14:50:53][ERROR] [device] Error in indicator_down: list index out of range
[2025-12-21|14:50:53][INFO]  [device] Manual Test Command Executed: 13
[2025-12-21|14:50:53][ERROR] [device] Error in indicator_down: list index out of range
[2025-12-21|14:50:53][INFO]  [device] Manual Test Command Executed: 13
[2025-12-21|14:50:53][ERROR] [device] Error in indicator_down: list index out of range
[2025-12-21|14:50:53][INFO]  [device] Manual Test Command Executed: 13
[2025-12-21|14:50:53][ERROR] [device] Error in indicator_down: list index out of range
[2025-12-21|14:50:53][INFO]  [device] Manual Test Command Executed: 13
[2025-12-21|14:50:53][ERROR] [device] Error in indicator_down: list index out of range
[2025-12-21|14:50:53][INFO]  [device] Manual Test Command Executed: 13
[2025-12-21|14:50:53][ERROR] [device] Error in indicator_down: list index out of range
[2025-12-21|14:50:53][INFO]  [device] Manual Test Command Executed: 13
[2025-12-21|14:50:54][ERROR] [device] Error in indicator_down: list index out of range
[2025-12-21|14:50:54][INFO]  [device] Manual Test Command Executed: 13
[2025-12-21|14:50:54][ERROR] [device] Error in indicator_down: list index out of range
[2025-12-21|14:50:54][INFO]  [device] Manual Test Command Executed: 13
[2025-12-21|14:50:54][ERROR] [device] Error in indicator_down: list index out of range
[2025-12-21|14:50:54][INFO]  [device] Manual Test Command Executed: 13
[2025-12-21|14:50:54][ERROR] [device] Error in indicator_down: list index out of range
[2025-12-21|14:50:54][INFO]  [device] Manual Test Command Executed: 13
[2025-12-21|14:50:54][ERROR] [device] Error in indicator_down: list index out of range
[2025-12-21|14:50:54][INFO]  [device] Manual Test Command Executed: 13
[2025-12-21|14:50:54][ERROR] [device] Error in indicator_down: list index out of range
[2025-12-21|14:50:54][INFO]  [device] Manual Test Command Executed: 13
[2025-12-21|14:50:54][ERROR] [device] Error in indicator_down: list index out of range
[2025-12-21|14:50:54][INFO]  [device] Manual Test Command Executed: 13
[2025-12-21|14:50:54][ERROR] [device] Error in indicator_down: list index out of range
[2025-12-21|14:50:54][INFO]  [device] Manual Test Command Executed: 13
[2025-12-21|14:50:54][ERROR] [device] Error in indicator_down: list index out of range
[2025-12-21|14:50:54][INFO]  [device] Manual Test Command Executed: 13
[2025-12-21|14:50:55][ERROR] [device] Error in indicator_down: list index out of range
[2025-12-21|14:50:55][INFO]  [device] Manual Test Command Executed: 13
[2025-12-21|14:50:55][ERROR] [device] Error in indicator_down: list index out of range
[2025-12-21|14:50:55][INFO]  [device] Manual Test Command Executed: 13
[2025-12-21|14:50:55][ERROR] [device] Error in indicator_down: list index out of range
[2025-12-21|14:50:55][INFO]  [device] Manual Test Command Executed: 13
[2025-12-21|14:50:55][ERROR] [device] Error in indicator_down: list index out of range
[2025-12-21|14:50:55][INFO]  [device] Manual Test Command Executed: 13
[2025-12-21|14:50:55][ERROR] [device] Error in indicator_down: list index out of range
[2025-12-21|14:50:55][INFO]  [device] Manual Test Command Executed: 13
[2025-12-21|14:50:55][ERROR] [device] Error in indicator_down: list index out of range
[2025-12-21|14:50:55][INFO]  [device] Manual Test Command Executed: 13
[2025-12-21|14:50:55][ERROR] [device] Error in indicator_down: list index out of range
[2025-12-21|14:50:55][INFO]  [device] Manual Test Command Executed: 13
[2025-12-21|14:50:55][ERROR] [device] Error in indicator_down: list index out of range
[2025-12-21|14:50:55][INFO]  [device] Manual Test Command Executed: 13
[2025-12-21|14:50:55][ERROR] [device] Error in indicator_down: list index out of range
[2025-12-21|14:50:55][INFO]  [device] Manual Test Command Executed: 13
[2025-12-21|14:50:56][ERROR] [device] Error in indicator_down: list index out of range
[2025-12-21|14:50:56][INFO]  [device] Manual Test Command Executed: 13
[2025-12-21|14:50:56][ERROR] [device] Error in indicator_down: list index out of range
[2025-12-21|14:50:56][INFO]  [device] Manual Test Command Executed: 13
[2025-12-21|14:50:56][ERROR] [device] Error in indicator_down: list index out of range
[2025-12-21|14:50:56][INFO]  [device] Manual Test Command Executed: 13
[2025-12-21|14:50:56][ERROR] [device] Error in indicator_down: list index out of range
[2025-12-21|14:50:56][INFO]  [device] Manual Test Command Executed: 13
[2025-12-21|14:50:56][ERROR] [device] Error in indicator_down: list index out of range
[2025-12-21|14:50:56][INFO]  [device] Manual Test Command Executed: 13
[2025-12-21|14:50:56][ERROR] [device] Error in indicator_down: list index out of range
[2025-12-21|14:50:56][INFO]  [device] Manual Test Command Executed: 13
[2025-12-21|14:50:56][ERROR] [device] Error in indicator_down: list index out of range
[2025-12-21|14:50:56][INFO]  [device] Manual Test Command Executed: 13
[2025-12-21|14:50:56][ERROR] [device] Error in indicator_down: list index out of range
[2025-12-21|14:50:56][INFO]  [device] Manual Test Command Executed: 13
[2025-12-21|14:50:56][ERROR] [device] Error in indicator_down: list index out of range
[2025-12-21|14:50:56][INFO]  [device] Manual Test Command Executed: 13
[2025-12-21|14:50:56][ERROR] [device] Error in indicator_down: list index out of range
[2025-12-21|14:50:56][INFO]  [device] Manual Test Command Executed: 13
[2025-12-21|14:50:57][ERROR] [device] Error in indicator_down: list index out of range
[2025-12-21|14:50:57][INFO]  [device] Manual Test Command Executed: 13
[2025-12-21|14:50:57][ERROR] [device] Error in indicator_down: list index out of range
[2025-12-21|14:50:57][INFO]  [device] Manual Test Command Executed: 13
[2025-12-21|14:50:57][ERROR] [device] Error in indicator_down: list index out of range
[2025-12-21|14:50:57][INFO]  [device] Manual Test Command Executed: 13
[2025-12-21|14:50:57][ERROR] [device] Error in indicator_down: list index out of range
[2025-12-21|14:50:57][INFO]  [device] Manual Test Command Executed: 13
[2025-12-21|14:50:57][ERROR] [device] Error in indicator_down: list index out of range
[2025-12-21|14:50:57][INFO]  [device] Manual Test Command Executed: 13
[2025-12-21|14:50:57][ERROR] [device] Error in indicator_down: list index out of range
[2025-12-21|14:50:57][INFO]  [device] Manual Test Command Executed: 13
[2025-12-21|14:50:57][ERROR] [device] Error in indicator_down: list index out of range
[2025-12-21|14:50:57][INFO]  [device] Manual Test Command Executed: 13
[2025-12-21|14:50:57][ERROR] [device] Error in indicator_down: list index out of range
[2025-12-21|14:50:57][INFO]  [device] Manual Test Command Executed: 13
[2025-12-21|14:50:57][ERROR] [device] Error in indicator_down: list index out of range
[2025-12-21|14:50:57][INFO]  [device] Manual Test Command Executed: 13
[2025-12-21|14:50:58][ERROR] [device] Error in indicator_down: list index out of range
[2025-12-21|14:50:58][INFO]  [device] Manual Test Command Executed: 13
[2025-12-21|14:50:58][ERROR] [device] Error in indicator_down: list index out of range
[2025-12-21|14:50:58][INFO]  [device] Manual Test Command Executed: 13
[2025-12-21|14:50:58][ERROR] [device] Error in indicator_down: list index out of range
[2025-12-21|14:50:58][INFO]  [device] Manual Test Command Executed: 13
[2025-12-21|14:50:58][ERROR] [device] Error in indicator_down: list index out of range
[2025-12-21|14:50:58][INFO]  [device] Manual Test Command Executed: 13
[2025-12-21|14:50:58][ERROR] [device] Error in indicator_down: list index out of range
[2025-12-21|14:50:58][INFO]  [device] Manual Test Command Executed: 13
[2025-12-21|14:50:58][ERROR] [device] Error in indicator_down: list index out of range
[2025-12-21|14:50:58][INFO]  [device] Manual Test Command Executed: 13
[2025-12-21|14:50:58][ERROR] [device] Error in indicator_down: list index out of range
[2025-12-21|14:50:58][INFO]  [device] Manual Test Command Executed: 13
[2025-12-21|14:50:58][ERROR] [device] Error in indicator_down: list index out of range
[2025-12-21|14:50:58][INFO]  [device] Manual Test Command Executed: 13
[2025-12-21|14:50:58][ERROR] [device] Error in indicator_down: list index out of range
[2025-12-21|14:50:58][INFO]  [device] Manual Test Command Executed: 13
[2025-12-21|14:50:59][ERROR] [device] Error in indicator_down: list index out of range
[2025-12-21|14:50:59][INFO]  [device] Manual Test Command Executed: 13
[2025-12-21|14:50:59][ERROR] [device] Error in indicator_down: list index out of range
[2025-12-21|14:50:59][INFO]  [device] Manual Test Command Executed: 13
[2025-12-21|14:50:59][ERROR] [device] Error in indicator_down: list index out of range
[2025-12-21|14:50:59][INFO]  [device] Manual Test Command Executed: 13
[2025-12-21|14:50:59][ERROR] [device] Error in indicator_down: list index out of range
[2025-12-21|14:50:59][INFO]  [device] Manual Test Command Executed: 13
[2025-12-21|14:50:59][ERROR] [device] Error in indicator_down: list index out of range
[2025-12-21|14:50:59][INFO]  [device] Manual Test Command Executed: 13
[2025-12-21|14:50:59][ERROR] [device] Error in indicator_down: list index out of range
[2025-12-21|14:50:59][INFO]  [device] Manual Test Command Executed: 13
[2025-12-21|14:50:59][ERROR] [device] Error in indicator_down: list index out of range
[2025-12-21|14:50:59][INFO]  [device] Manual Test Command Executed: 13
[2025-12-21|14:50:59][ERROR] [device] Error in indicator_down: list index out of range
[2025-12-21|14:50:59][INFO]  [device] Manual Test Command Executed: 13
[2025-12-21|14:50:59][ERROR] [device] Error in indicator_down: list index out of range
[2025-12-21|14:50:59][INFO]  [device] Manual Test Command Executed: 13
[2025-12-21|14:51:00][ERROR] [device] Error in indicator_down: list index out of range
[2025-12-21|14:51:00][INFO]  [device] Manual Test Command Executed: 13
[2025-12-21|14:51:00][ERROR] [device] Error in indicator_down: list index out of range
[2025-12-21|14:51:00][INFO]  [device] Manual Test Command Executed: 13
[2025-12-21|14:51:00][ERROR] [device] Error in indicator_down: list index out of range
[2025-12-21|14:51:00][INFO]  [device] Manual Test Command Executed: 13
[2025-12-21|14:51:00][ERROR] [device] Error in indicator_down: list index out of range
[2025-12-21|14:51:00][INFO]  [device] Manual Test Command Executed: 13
[2025-12-21|14:51:00][ERROR] [device] Error in indicator_down: list index out of range
[2025-12-21|14:51:00][INFO]  [device] Manual Test Command Executed: 13
[2025-12-21|14:51:00][ERROR] [device] Error in indicator_down: list index out of range
[2025-12-21|14:51:00][INFO]  [device] Manual Test Command Executed: 13
[2025-12-21|14:51:00][ERROR] [device] Error in indicator_down: list index out of range
[2025-12-21|14:51:00][INFO]  [device] Manual Test Command Executed: 13
[2025-12-21|14:51:00][ERROR] [device] Error in indicator_down: list index out of range
[2025-12-21|14:51:00][INFO]  [device] Manual Test Command Executed: 13
[2025-12-21|14:51:00][ERROR] [device] Error in indicator_down: list index out of range
[2025-12-21|14:51:00][INFO]  [device] Manual Test Command Executed: 13
[2025-12-21|14:51:01][ERROR] [device] Error in indicator_down: list index out of range
[2025-12-21|14:51:01][INFO]  [device] Manual Test Command Executed: 13
[2025-12-21|14:51:01][ERROR] [device] Error in indicator_down: list index out of range
[2025-12-21|14:51:01][INFO]  [device] Manual Test Command Executed: 13
[2025-12-21|14:51:01][ERROR] [device] Error in indicator_down: list index out of range
[2025-12-21|14:51:01][INFO]  [device] Manual Test Command Executed: 13
[2025-12-21|14:51:01][ERROR] [device] Error in indicator_down: list index out of range
[2025-12-21|14:51:01][INFO]  [device] Manual Test Command Executed: 13
[2025-12-21|14:51:01][ERROR] [device] Error in indicator_down: list index out of range
[2025-12-21|14:51:01][INFO]  [device] Manual Test Command Executed: 13
[2025-12-21|14:51:01][ERROR] [device] Error in indicator_down: list index out of range
[2025-12-21|14:51:01][INFO]  [device] Manual Test Command Executed: 13
[2025-12-21|14:51:01][ERROR] [device] Error in indicator_down: list index out of range
[2025-12-21|14:51:01][INFO]  [device] Manual Test Command Executed: 13
[2025-12-21|14:51:01][ERROR] [device] Error in indicator_down: list index out of range
[2025-12-21|14:51:01][INFO]  [device] Manual Test Command Executed: 13
[2025-12-21|14:51:01][ERROR] [device] Error in indicator_down: list index out of range
[2025-12-21|14:51:01][INFO]  [device] Manual Test Command Executed: 13
[2025-12-21|14:51:01][ERROR] [device] Error in indicator_down: list index out of range
[2025-12-21|14:51:01][INFO]  [device] Manual Test Command Executed: 13
[2025-12-21|14:51:02][ERROR] [device] Error in indicator_down: list index out of range
[2025-12-21|14:51:02][INFO]  [device] Manual Test Command Executed: 13
[2025-12-21|14:51:02][ERROR] [device] Error in indicator_down: list index out of range
[2025-12-21|14:51:02][INFO]  [device] Manual Test Command Executed: 13
[2025-12-21|14:51:02][ERROR] [device] Error in indicator_down: list index out of range
[2025-12-21|14:51:02][INFO]  [device] Manual Test Command Executed: 13
[2025-12-21|14:51:02][ERROR] [device] Error in indicator_down: list index out of range
[2025-12-21|14:51:02][INFO]  [device] Manual Test Command Executed: 13
[2025-12-21|14:51:02][ERROR] [device] Error in indicator_down: list index out of range
[2025-12-21|14:51:02][INFO]  [device] Manual Test Command Executed: 13
[2025-12-21|14:51:02][ERROR] [device] Error in indicator_down: list index out of range
[2025-12-21|14:51:02][INFO]  [device] Manual Test Command Executed: 13
[2025-12-21|14:51:02][ERROR] [device] Error in indicator_down: list index out of range
[2025-12-21|14:51:02][INFO]  [device] Manual Test Command Executed: 13
[2025-12-21|14:51:02][ERROR] [device] Error in indicator_down: list index out of range
[2025-12-21|14:51:02][INFO]  [device] Manual Test Command Executed: 13
[2025-12-21|14:51:02][ERROR] [device] Error in indicator_down: list index out of range
[2025-12-21|14:51:02][INFO]  [device] Manual Test Command Executed: 13
[2025-12-21|14:51:03][ERROR] [device] Error in indicator_down: list index out of range
[2025-12-21|14:51:03][INFO]  [device] Manual Test Command Executed: 13
[2025-12-21|14:51:03][ERROR] [device] Error in indicator_down: list index out of range
[2025-12-21|14:51:03][INFO]  [device] Manual Test Command Executed: 13
[2025-12-21|14:51:03][ERROR] [device] Error in indicator_down: list index out of range
[2025-12-21|14:51:03][INFO]  [device] Manual Test Command Executed: 13
[2025-12-21|14:51:03][ERROR] [device] Error in indicator_down: list index out of range
[2025-12-21|14:51:03][INFO]  [device] Manual Test Command Executed: 13
[2025-12-21|14:51:03][ERROR] [device] Error in indicator_down: list index out of range
[2025-12-21|14:51:03][INFO]  [device] Manual Test Command Executed: 13
[2025-12-21|14:51:03][ERROR] [device] Error in indicator_down: list index out of range
[2025-12-21|14:51:03][INFO]  [device] Manual Test Command Executed: 13
[2025-12-21|14:51:03][ERROR] [device] Error in indicator_down: list index out of range
[2025-12-21|14:51:03][INFO]  [device] Manual Test Command Executed: 13
[2025-12-21|14:51:03][ERROR] [device] Error in indicator_down: list index out of range
[2025-12-21|14:51:03][INFO]  [device] Manual Test Command Executed: 13
[2025-12-21|14:51:03][ERROR] [device] Error in indicator_down: list index out of range
[2025-12-21|14:51:03][INFO]  [device] Manual Test Command Executed: 13
[2025-12-21|14:51:04][ERROR] [device] Error in indicator_down: list index out of range
[2025-12-21|14:51:04][INFO]  [device] Manual Test Command Executed: 13
[2025-12-21|14:51:04][ERROR] [device] Error in indicator_down: list index out of range
[2025-12-21|14:51:04][INFO]  [device] Manual Test Command Executed: 13
[2025-12-21|14:51:04][ERROR] [device] Error in indicator_down: list index out of range
[2025-12-21|14:51:04][INFO]  [device] Manual Test Command Executed: 13
[2025-12-21|14:51:04][ERROR] [device] Error in indicator_down: list index out of range
[2025-12-21|14:51:04][INFO]  [device] Manual Test Command Executed: 13
[2025-12-21|14:51:04][ERROR] [device] Error in indicator_down: list index out of range
[2025-12-21|14:51:04][INFO]  [device] Manual Test Command Executed: 13
[2025-12-21|14:51:04][ERROR] [device] Error in indicator_down: list index out of range
[2025-12-21|14:51:04][INFO]  [device] Manual Test Command Executed: 13
[2025-12-21|14:51:04][ERROR] [device] Error in indicator_down: list index out of range
[2025-12-21|14:51:04][INFO]  [device] Manual Test Command Executed: 13
[2025-12-21|14:51:04][ERROR] [device] Error in indicator_down: list index out of range
[2025-12-21|14:51:04][INFO]  [device] Manual Test Command Executed: 13
[2025-12-21|14:51:04][ERROR] [device] Error in indicator_down: list index out of range
[2025-12-21|14:51:04][INFO]  [device] Manual Test Command Executed: 13
[2025-12-21|14:51:04][ERROR] [device] Error in indicator_down: list index out of range
[2025-12-21|14:51:04][INFO]  [device] Manual Test Command Executed: 13
[2025-12-21|14:51:05][ERROR] [device] Error in indicator_down: list index out of range
[2025-12-21|14:51:05][INFO]  [device] Manual Test Command Executed: 13
[2025-12-21|14:51:05][ERROR] [device] Error in indicator_down: list index out of range
[2025-12-21|14:51:05][INFO]  [device] Manual Test Command Executed: 13
[2025-12-21|14:51:05][ERROR] [device] Error in indicator_down: list index out of range
[2025-12-21|14:51:05][INFO]  [device] Manual Test Command Executed: 9
[2025-12-21|14:51:05][INFO]  [device] Dial Gauge Value: 0.001
[2025-12-21|14:51:12][INFO]  [device] Manual Test Command Executed: 13
[2025-12-21|14:51:12][ERROR] [device] Error in indicator_down: list index out of range
[2025-12-21|14:51:12][ERROR] Exception in PeriodicThread DeviceFsm(pkg.fsm.base.step)
[2025-12-21|14:51:12][ERROR] Error occurred at: c:\Users\S\Documents\GitHub\Shimadzu\projects\shimadzu_logic\devices_context.py, line 626 in function 'indicator_down'
[2025-12-21|14:51:12][ERROR] list index out of range
[2025-12-21|14:51:12][INFO]  [device] Manual Test Command Executed: 13
[2025-12-21|14:51:12][ERROR] [device] Error in indicator_down: list index out of range
[2025-12-21|14:51:12][INFO]  [device] Manual Test Command Executed: 13
[2025-12-21|14:51:12][ERROR] [device] Error in indicator_down: list index out of range
[2025-12-21|14:51:12][INFO]  [device] Manual Test Command Executed: 13
[2025-12-21|14:51:12][ERROR] [device] Error in indicator_down: list index out of range
[2025-12-21|14:51:12][INFO]  [device] Manual Test Command Executed: 13
[2025-12-21|14:51:12][ERROR] [device] Error in indicator_down: list index out of range
[2025-12-21|14:51:12][INFO]  [device] Manual Test Command Executed: 13
[2025-12-21|14:51:12][ERROR] [device] Error in indicator_down: list index out of range
[2025-12-21|14:51:12][INFO]  [device] Manual Test Command Executed: 13
[2025-12-21|14:51:12][ERROR] [device] Error in indicator_down: list index out of range
[2025-12-21|14:51:12][INFO]  [device] Manual Test Command Executed: 13
[2025-12-21|14:51:13][ERROR] [device] Error in indicator_down: list index out of range
[2025-12-21|14:51:13][INFO]  [device] Manual Test Command Executed: 13
[2025-12-21|14:51:13][ERROR] [device] Error in indicator_down: list index out of range
[2025-12-21|14:51:13][INFO]  [device] Manual Test Command Executed: 13
[2025-12-21|14:51:13][ERROR] [device] Error in indicator_down: list index out of range
[2025-12-21|14:51:13][INFO]  [device] Manual Test Command Executed: 13
[2025-12-21|14:51:13][ERROR] [device] Error in indicator_down: list index out of range
[2025-12-21|14:51:13][INFO]  [device] Manual Test Command Executed: 13
[2025-12-21|14:51:13][ERROR] [device] Error in indicator_down: list index out of range
[2025-12-21|14:51:13][INFO]  [device] Manual Test Command Executed: 13
[2025-12-21|14:51:13][ERROR] [device] Error in indicator_down: list index out of range
[2025-12-21|14:51:13][INFO]  [device] Manual Test Command Executed: 13
[2025-12-21|14:51:13][ERROR] [device] Error in indicator_down: list index out of range
[2025-12-21|14:51:13][INFO]  [device] Manual Test Command Executed: 13
[2025-12-21|14:51:13][ERROR] [device] Error in indicator_down: list index out of range
[2025-12-21|14:51:13][INFO]  [device] Manual Test Command Executed: 13
[2025-12-21|14:51:13][ERROR] [device] Error in indicator_down: list index out of range
[2025-12-21|14:51:13][INFO]  [device] Manual Test Command Executed: 13
[2025-12-21|14:51:14][ERROR] [device] Error in indicator_down: list index out of range
[2025-12-21|14:51:14][INFO]  [device] Manual Test Command Executed: 13
[2025-12-21|14:51:14][ERROR] [device] Error in indicator_down: list index out of range
[2025-12-21|14:51:14][INFO]  [device] Manual Test Command Executed: 13
[2025-12-21|14:51:14][ERROR] [device] Error in indicator_down: list index out of range
[2025-12-21|14:51:14][INFO]  [device] Manual Test Command Executed: 13
[2025-12-21|14:51:14][ERROR] [device] Error in indicator_down: list index out of range
[2025-12-21|14:51:14][INFO]  [device] Manual Test Command Executed: 13
[2025-12-21|14:51:14][ERROR] [device] Error in indicator_down: list index out of range
[2025-12-21|14:51:14][INFO]  [device] Manual Test Command Executed: 13
[2025-12-21|14:51:14][ERROR] [device] Error in indicator_down: list index out of range
[2025-12-21|14:51:14][INFO]  [device] Manual Test Command Executed: 13
[2025-12-21|14:51:14][ERROR] [device] Error in indicator_down: list index out of range
[2025-12-21|14:51:14][INFO]  [device] Manual Test Command Executed: 13
[2025-12-21|14:51:14][ERROR] [device] Error in indicator_down: list index out of range
[2025-12-21|14:51:14][INFO]  [device] Manual Test Command Executed: 13
[2025-12-21|14:51:14][ERROR] [device] Error in indicator_down: list index out of range
[2025-12-21|14:51:14][INFO]  [device] Manual Test Command Executed: 13
[2025-12-21|14:51:15][ERROR] [device] Error in indicator_down: list index out of range
[2025-12-21|14:51:15][INFO]  [device] Manual Test Command Executed: 13
[2025-12-21|14:51:15][ERROR] [device] Error in indicator_down: list index out of range
[2025-12-21|14:51:15][INFO]  [device] Manual Test Command Executed: 13
[2025-12-21|14:51:15][ERROR] [device] Error in indicator_down: list index out of range
[2025-12-21|14:51:15][INFO]  [device] Manual Test Command Executed: 13
[2025-12-21|14:51:15][ERROR] [device] Error in indicator_down: list index out of range
[2025-12-21|14:51:15][INFO]  [device] Manual Test Command Executed: 13
