[2025-12-21|14:51:23][INFO]  Blackboard initialized from c:\Users\S\Documents\GitHub\Shimadzu\projects/shimadzu_logic/configs/blackboard.json
[2025-12-21|14:51:23][INFO]  Blackboard initialized from c:\Users\S\Documents\GitHub\Shimadzu\projects/shimadzu_logic/configs/blackboard.json
[2025-12-21|14:51:23][INFO]  [SYSTEM] Starting shimadzu_logic System...
[2025-12-21|14:51:23][INFO]  → [INFO] Config file loaded successfully: c:\Users\S\Documents\GitHub\Shimadzu\projects\shimadzu_logic\configs\mqtt_config.json
[2025-12-21|14:51:23][INFO]  MQTT client initialized: 127.0.0.1:1883
[2025-12-21|14:51:23][INFO]  
==================================================
[2025-12-21|14:51:23][INFO]  → [INFO] 브로커 연결 성공!
[2025-12-21|14:51:23][INFO]  Tensile Machine MQTT Protocol Connector Started
[2025-12-21|14:51:23][INFO]  → [SUB] 토픽 구독 완료: /ui/cmd
[2025-12-21|14:51:23][INFO]  Logic connector is waiting for commands on /ui/cmd.
[2025-12-21|14:51:23][INFO]  → [SUB] 토픽 구독 완료: /binpick/evt
[2025-12-21|14:51:23][INFO]  ==================================================

[2025-12-21|14:51:23][INFO]  
[LogicProcessingThread]: Starting internal logic processing loop.
[2025-12-21|14:51:23][INFO]  [StatusPublishingThread]: Starting status publishing loop.
[2025-12-21|14:51:23][INFO]  configs robot : 192.168.0.15
[2025-12-21|14:51:23][INFO]  configs remot io : 192.168.0.20
[2025-12-21|14:51:23][INFO]  configs mqtt : 127.0.0.1
[2025-12-21|14:51:23][INFO]  configs shimadzu : 127.0.0.1 : 5000
[2025-12-21|14:51:23][INFO]  실행 모드 : Run 모드
[2025-12-21|14:51:23][INFO]  Initializing Device FSM...
[2025-12-21|14:51:23][INFO]  [device] Debug mode : 0
[2025-12-21|14:51:23][INFO]  [device] configs : 192.168.0.20
[2025-12-21|14:51:23][INFO]  [device] configs : 127.0.0.1 : 5000
[2025-12-21|14:51:24][INFO]  [device] All device Init Complete
[2025-12-21|14:51:24][INFO]  [device] enter ConnectingStrategy
[2025-12-21|14:51:24][INFO]  [device] Attempting to connect to devices.
[2025-12-21|14:51:24][INFO]  Device FSM initialized.
[2025-12-21|14:51:24][INFO]  [device] exit ConnectingStrategy
[2025-12-21|14:51:24][INFO]  [device] enter ReadyStrategy
[2025-12-21|14:51:24][INFO]  [device] Device: Ready and waiting for commands.
[2025-12-21|14:51:29][INFO]  [SYSTEM] shimadzu_logic system initialized. Running...
[2025-12-21|14:51:30][INFO]  [ProcessManager] All FSMs stopped.
[2025-12-21|14:51:30][INFO]  [SYSTEM] System Shutdown Complete.
[2025-12-21|14:51:30][INFO]  [device] Manual Test Command Executed: 13
[2025-12-21|14:51:30][INFO]  [device] Indicator Down Command Sent Successfully.
[2025-12-21|14:52:27][INFO]  [device] Manual Test Command Executed: 12
[2025-12-21|14:52:27][INFO]  [device] Indicator Up Command Sent Successfully.
[2025-12-21|14:52:30][INFO]  [device] Manual Test Command Executed: 9
[2025-12-21|14:52:31][INFO]  [device] Dial Gauge Value: 3.178
[2025-12-21|14:52:35][INFO]  [device] Manual Test Command Executed: 9
[2025-12-21|14:52:35][INFO]  [device] Dial Gauge Value: 3.18
[2025-12-21|14:52:38][INFO]  [device] Manual Test Command Executed: 9
[2025-12-21|14:52:38][INFO]  [device] Dial Gauge Value: 3.18
[2025-12-21|14:52:39][INFO]  [device] Manual Test Command Executed: 9
[2025-12-21|14:52:40][INFO]  [device] Dial Gauge Value: 3.18
[2025-12-21|14:52:41][INFO]  [device] Manual Test Command Executed: 9
[2025-12-21|14:52:41][INFO]  [device] Dial Gauge Value: 3.18
[2025-12-21|14:52:42][INFO]  [device] Manual Test Command Executed: 9
[2025-12-21|14:52:42][INFO]  [device] Dial Gauge Value: 3.1805
[2025-12-21|14:52:44][INFO]  [device] Manual Test Command Executed: 9
[2025-12-21|14:52:44][INFO]  [device] Dial Gauge Value: 3.1805
[2025-12-21|14:52:48][INFO]  [device] Manual Test Command Executed: 9
[2025-12-21|14:52:48][INFO]  [device] Dial Gauge Value: 3.1805
[2025-12-21|14:52:49][INFO]  [device] Manual Test Command Executed: 9
[2025-12-21|14:52:49][INFO]  [device] Dial Gauge Value: 3.1805
[2025-12-21|14:52:51][INFO]  [device] Manual Test Command Executed: 9
[2025-12-21|14:52:51][INFO]  [device] Dial Gauge Value: 3.1805
[2025-12-21|14:52:55][INFO]  [device] Manual Test Command Executed: 9
[2025-12-21|14:52:55][INFO]  [device] Dial Gauge Value: 3.1805
[2025-12-21|14:52:56][INFO]  [device] Manual Test Command Executed: 9
[2025-12-21|14:52:57][INFO]  [device] Dial Gauge Value: 3.1805
[2025-12-21|14:53:05][INFO]  [device] Manual Test Command Executed: 9
[2025-12-21|14:53:05][INFO]  [device] Dial Gauge Value: 3.1815
[2025-12-21|14:53:11][INFO]  [device] Manual Test Command Executed: 9
[2025-12-21|14:53:11][INFO]  [device] Dial Gauge Value: 3.183
[2025-12-21|15:40:13][INFO]  [device] Manual Test Command Executed: 9
[2025-12-21|15:40:13][INFO]  [device] Dial Gauge Value: 3.1825
[2025-12-21|15:40:15][INFO]  [device] Manual Test Command Executed: 9
[2025-12-21|15:40:16][INFO]  [device] Dial Gauge Value: 3.1825
[2025-12-21|15:41:00][INFO]  [device] Manual Test Command Executed: 9
[2025-12-21|15:41:00][INFO]  [device] Dial Gauge Value: 3.1825
[2025-12-21|15:41:03][INFO]  [device] Manual Test Command Executed: 9
[2025-12-21|15:41:03][INFO]  [device] Dial Gauge Value: 3.1825
