[2025-12-18|19:57:50][INFO]  Blackboard initialized from c:\Users\S\Documents\GitHub\Shimadzu\projects/shimadzu_logic/configs/blackboard.json
[2025-12-18|19:57:50][INFO]  [SYSTEM] Starting shimadzu_logic System...
[2025-12-18|19:57:50][INFO]  → [INFO] Config file loaded successfully: c:\Users\S\Documents\GitHub\Shimadzu\projects\shimadzu_logic\configs\mqtt_config.json
[2025-12-18|19:57:50][INFO]  MQTT client initialized: 127.0.0.1:1883
[2025-12-18|19:57:50][INFO]  
==================================================
[2025-12-18|19:57:50][INFO]  → [INFO] 브로커 연결 성공!
[2025-12-18|19:57:50][INFO]  Tensile Machine MQTT Protocol Connector Started
[2025-12-18|19:57:50][INFO]  → [SUB] 토픽 구독 완료: /ui/cmd
[2025-12-18|19:57:50][INFO]  Logic connector is waiting for commands on /ui/cmd.
[2025-12-18|19:57:50][INFO]  → [SUB] 토픽 구독 완료: /binpick/evt
[2025-12-18|19:57:50][INFO]  ==================================================

[2025-12-18|19:57:50][INFO]  
[LogicProcessingThread]: Starting internal logic processing loop.
[2025-12-18|19:57:50][INFO]  [StatusPublishingThread]: Starting status publishing loop.
[2025-12-18|19:57:50][INFO]  configs robot : 192.168.0.15
[2025-12-18|19:57:50][INFO]  configs remot io : 192.168.0.20
[2025-12-18|19:57:50][INFO]  configs mqtt : 127.0.0.1
[2025-12-18|19:57:50][INFO]  configs shimadzu : 127.0.0.1 : 5000
[2025-12-18|19:57:50][INFO]  실행 모드 : Run 모드
[2025-12-18|19:57:50][INFO]  Initializing Device FSM...
[2025-12-18|19:57:50][INFO]  [device] Debug mode : 0
[2025-12-18|19:57:50][INFO]  [device] configs : 192.168.0.20
[2025-12-18|19:57:50][INFO]  [device] configs : 127.0.0.1 : 5000
[2025-12-18|19:57:54][INFO]  [ShimadzuClient] Init Response: False
[2025-12-18|19:57:54][INFO]  Attempting to connect to devices.
[2025-12-18|19:57:54][INFO]  Device FSM initialized.
[2025-12-18|19:57:54][INFO]  Remote I/O Input Data: [1, 0, 0, 1, 0, 0, 0, 0, 1, 1, 1, 1, 0, 0, 0, 1, 0, 0, 0, 0, 0, 1, 0, 0, 1, 0, 1, 0, 1, 0, 1, 0, 0, 1, 1, 0, 0, 0, 0, 0, 0, 0, 0, 0, 0, 0, 0, 0]
[2025-12-18|19:57:54][ERROR] [device] Error in read_IO_status: list indices must be integers or slices, not DigitalInput
[2025-12-18|19:57:59][INFO]  [SYSTEM] shimadzu_logic system initialized. Running...
[2025-12-18|19:58:02][WARN]  [SIGNAL] Received signal 2. Gracefully shutting down...
[2025-12-18|19:58:02][WARN]  [SIGNAL] Received signal 2. Gracefully shutting down...
[2025-12-18|19:58:02][WARN]  [SIGNAL] Received signal 2. Gracefully shutting down...
[2025-12-18|19:58:02][WARN]  [SIGNAL] Received signal 2. Gracefully shutting down...
[2025-12-18|19:58:03][INFO]  [ProcessManager] All FSMs stopped.
[2025-12-18|19:58:03][INFO]  [SYSTEM] System Shutdown Complete.
